[0.020s] Invoking command in '/home/golf1234_pc/manipurator_ws/build/mtc_config1': CMAKE_PREFIX_PATH=${CMAKE_PREFIX_PATH}:/home/golf1234_pc/ws_moveit/install/moveit_configs_utils:/home/golf1234_pc/project1_ws/install/server_controllers:/home/golf1234_pc/project1_ws/install/mobile_manipurator:/home/golf1234_pc/project1_ws/install/camera2_ros:/home/golf1234_pc/test1_ws/install/test1:/opt/ros/jazzy DEBUGINFOD_URLS=https://debuginfod.ubuntu.com /usr/bin/cmake --build /home/golf1234_pc/manipurator_ws/build/mtc_config1 -- -j16 -l16
[0.096s] [ 50%] Built target mtc_node_test
[0.109s] [ 75%] [32mBuilding CXX object CMakeFiles/mtc_node.dir/src/mtc_node.cpp.o[0m
[5.127s] [01m[K/home/golf1234_pc/manipurator_ws/src/mtc_config1/src/mtc_node.cpp:[m[K In member function â€˜[01m[Kmoveit::task_constructor::Task MTCTaskNode::[01;32m[KcreateTask[m[K()[m[Kâ€™:
[5.127s] [01m[K/home/golf1234_pc/manipurator_ws/src/mtc_config1/src/mtc_node.cpp:271:12:[m[K [01;31m[Kerror: [m[Kâ€˜[01m[Kclass moveit::task_constructor::stages::GeneratePlacePose[m[Kâ€™ has no member named â€˜[01m[KsetAngleDelta[m[Kâ€™
[5.127s]   271 |     stage->[01;31m[KsetAngleDelta[m[K(M_PI / 12);
[5.127s]       |            [01;31m[K^~~~~~~~~~~~~[m[K
[8.804s] gmake[2]: *** [CMakeFiles/mtc_node.dir/build.make:76: CMakeFiles/mtc_node.dir/src/mtc_node.cpp.o] Error 1
[8.805s] gmake[1]: *** [CMakeFiles/Makefile2:139: CMakeFiles/mtc_node.dir/all] Error 2
[8.805s] gmake: *** [Makefile:146: all] Error 2
[8.807s] Invoked command in '/home/golf1234_pc/manipurator_ws/build/mtc_config1' returned '2': CMAKE_PREFIX_PATH=${CMAKE_PREFIX_PATH}:/home/golf1234_pc/ws_moveit/install/moveit_configs_utils:/home/golf1234_pc/project1_ws/install/server_controllers:/home/golf1234_pc/project1_ws/install/mobile_manipurator:/home/golf1234_pc/project1_ws/install/camera2_ros:/home/golf1234_pc/test1_ws/install/test1:/opt/ros/jazzy DEBUGINFOD_URLS=https://debuginfod.ubuntu.com /usr/bin/cmake --build /home/golf1234_pc/manipurator_ws/build/mtc_config1 -- -j16 -l16
