[0.020s] Invoking command in '/home/golf1234_pc/manipurator_ws/build/mtc_config1': CMAKE_PREFIX_PATH=${CMAKE_PREFIX_PATH}:/home/golf1234_pc/manipurator_ws/install/camera2_ros:/home/golf1234_pc/manipurator_ws/install/server_controllers:/home/golf1234_pc/manipurator_ws/install/mobile_manipurator:/home/golf1234_pc/install/moveit_configs_utils:/home/golf1234_pc/ws_moveit/install/moveit_configs_utils:/home/golf1234_pc/project1_ws/install/server_controllers:/home/golf1234_pc/project1_ws/install/mobile_manipurator:/home/golf1234_pc/project1_ws/install/camera2_ros:/home/golf1234_pc/test1_ws/install/test1:/opt/ros/jazzy DEBUGINFOD_URLS=https://debuginfod.ubuntu.com /usr/bin/cmake --build /home/golf1234_pc/manipurator_ws/build/mtc_config1 -- -j16 -l16
[0.100s] [ 25%] Built target mtc_pub
[0.107s] [ 50%] Built target mtc_node
[0.112s] [ 75%] Built target mtc_node_test
[0.137s] [ 87%] [32mBuilding CXX object CMakeFiles/moveit_controller.dir/src/moveit_controller.cpp.o[0m
[4.995s] [01m[K/home/golf1234_pc/manipurator_ws/src/mtc_config1/src/moveit_controller.cpp:39:45:[m[K [01;31m[Kerror: [m[Kâ€˜[01m[KRobotTrajectory[m[Kâ€™ is not a member of â€˜[01m[Kmoveit::core[m[Kâ€™; did you mean â€˜[01m[Kmoveit_msgs::msg::RobotTrajectory[m[Kâ€™?
[4.995s]    39 |   std::vector<std::shared_ptr<moveit::core::[01;31m[KRobotTrajectory[m[K>> trajectories_;  // Corrected type
[4.995s]       |                                             [01;31m[K^~~~~~~~~~~~~~~[m[K
[4.995s] In file included from [01m[K/home/golf1234_pc/ws_moveit/install/moveit_msgs/include/moveit_msgs/moveit_msgs/msg/robot_trajectory.hpp:7[m[K,
[4.995s]                  from [01m[K/home/golf1234_pc/ws_moveit/install/moveit_ros_planning/include/moveit_ros_planning/moveit/trajectory_execution_manager/trajectory_execution_manager.hpp:42[m[K,
[4.995s]                  from [01m[K/home/golf1234_pc/manipurator_ws/src/mtc_config1/src/moveit_controller.cpp:2[m[K:
[4.995s] [01m[K/home/golf1234_pc/ws_moveit/install/moveit_msgs/include/moveit_msgs/moveit_msgs/msg/detail/robot_trajectory__struct.hpp:138:7:[m[K [01;36m[Knote: [m[Kâ€˜[01m[Kmoveit_msgs::msg::RobotTrajectory[m[Kâ€™ declared here
[4.995s]   138 | using [01;36m[KRobotTrajectory[m[K =
[4.995s]       |       [01;36m[K^~~~~~~~~~~~~~~[m[K
[4.995s] [01m[K/home/golf1234_pc/manipurator_ws/src/mtc_config1/src/moveit_controller.cpp:39:45:[m[K [01;31m[Kerror: [m[Ktemplate argument 1 is invalid
[4.996s]    39 |   std::vector<std::shared_ptr<moveit::core::[01;31m[KRobotTrajectory[m[K>> trajectories_;  // Corrected type
[4.996s]       |                                             [01;31m[K^~~~~~~~~~~~~~~[m[K
[4.996s] [01m[K/home/golf1234_pc/manipurator_ws/src/mtc_config1/src/moveit_controller.cpp:39:60:[m[K [01;31m[Kerror: [m[Ktemplate argument 1 is invalid
[4.996s]    39 |   std::vector<std::shared_ptr<moveit::core::RobotTrajectory[01;31m[K>>[m[K trajectories_;  // Corrected type
[4.996s]       |                                                            [01;31m[K^~[m[K
[4.996s] [01m[K/home/golf1234_pc/manipurator_ws/src/mtc_config1/src/moveit_controller.cpp:39:60:[m[K [01;31m[Kerror: [m[Ktemplate argument 2 is invalid
[4.996s] [01m[K/home/golf1234_pc/manipurator_ws/src/mtc_config1/src/moveit_controller.cpp:42:47:[m[K [01;31m[Kerror: [m[Kâ€˜[01m[KRobotTrajectory[m[Kâ€™ in namespace â€˜[01m[Kmoveit::core[m[Kâ€™ does not name a type
[4.996s]    42 |   void waitForRobotToStop(const moveit::core::[01;31m[KRobotTrajectory[m[K &trajectory)  // Corrected type
[4.996s]       |                                               [01;31m[K^~~~~~~~~~~~~~~[m[K
[4.996s] [01m[K/home/golf1234_pc/manipurator_ws/src/mtc_config1/src/moveit_controller.cpp:[m[K In member function â€˜[01m[Kvoid MoveItController::[01;32m[Kexecute_trajectory[m[K()[m[Kâ€™:
[4.996s] [01m[K/home/golf1234_pc/manipurator_ws/src/mtc_config1/src/moveit_controller.cpp:25:28:[m[K [01;31m[Kerror: [m[Krequest for member â€˜[01m[Kempty[m[Kâ€™ in â€˜[01m[K((MoveItController*)this)->MoveItController::trajectories_[m[Kâ€™, which is of non-class type â€˜[01m[Kint[m[Kâ€™
[4.996s]    25 |         if (!trajectories_.[01;31m[Kempty[m[K() && i > 0 && i <= trajectories_.size())
[4.997s]       |                            [01;31m[K^~~~~[m[K
[4.997s] [01m[K/home/golf1234_pc/manipurator_ws/src/mtc_config1/src/moveit_controller.cpp:25:67:[m[K [01;31m[Kerror: [m[Krequest for member â€˜[01m[Ksize[m[Kâ€™ in â€˜[01m[K((MoveItController*)this)->MoveItController::trajectories_[m[Kâ€™, which is of non-class type â€˜[01m[Kint[m[Kâ€™
[4.997s]    25 |         if (!trajectories_.empty() && i > 0 && i <= trajectories_.[01;31m[Ksize[m[K())
[4.997s]       |                                                                   [01;31m[K^~~~[m[K
[4.997s] [01m[K/home/golf1234_pc/manipurator_ws/src/mtc_config1/src/moveit_controller.cpp:27:44:[m[K [01;31m[Kerror: [m[Kinvalid types â€˜[01m[Kint[size_t {aka long unsigned int}][m[Kâ€™ for array subscript
[4.997s]    27 |           waitForRobotToStop(*trajectories_[01;31m[K[[m[Ki - 1]);
[4.997s]       |                                            [01;31m[K^[m[K
[4.997s] [01m[K/home/golf1234_pc/manipurator_ws/src/mtc_config1/src/moveit_controller.cpp:[m[K In member function â€˜[01m[Kvoid MoveItController::[01;32m[KwaitForRobotToStop[m[K(const int&)[m[Kâ€™:
[4.997s] [01m[K/home/golf1234_pc/manipurator_ws/src/mtc_config1/src/moveit_controller.cpp:42:64:[m[K [01;35m[Kwarning: [m[Kunused parameter â€˜[01m[Ktrajectory[m[Kâ€™ [[01;35m[K]8;;https://gcc.gnu.org/onlinedocs/gcc/Warning-Options.html#index-Wunused-parameter-Wunused-parameter]8;;[m[K]
[4.997s]    42 |   void waitForRobotToStop([01;35m[Kconst moveit::core::RobotTrajectory &trajectory[m[K)  // Corrected type
[4.997s]       |                           [01;35m[K~~~~~~~~~~~~~~~~~~~~~~~~~~~~~~~~~~~~~^~~~~~~~~~[m[K
[7.069s] gmake[2]: *** [CMakeFiles/moveit_controller.dir/build.make:76: CMakeFiles/moveit_controller.dir/src/moveit_controller.cpp.o] Error 1
[7.070s] gmake[1]: *** [CMakeFiles/Makefile2:221: CMakeFiles/moveit_controller.dir/all] Error 2
[7.070s] gmake: *** [Makefile:146: all] Error 2
[7.072s] Invoked command in '/home/golf1234_pc/manipurator_ws/build/mtc_config1' returned '2': CMAKE_PREFIX_PATH=${CMAKE_PREFIX_PATH}:/home/golf1234_pc/manipurator_ws/install/camera2_ros:/home/golf1234_pc/manipurator_ws/install/server_controllers:/home/golf1234_pc/manipurator_ws/install/mobile_manipurator:/home/golf1234_pc/install/moveit_configs_utils:/home/golf1234_pc/ws_moveit/install/moveit_configs_utils:/home/golf1234_pc/project1_ws/install/server_controllers:/home/golf1234_pc/project1_ws/install/mobile_manipurator:/home/golf1234_pc/project1_ws/install/camera2_ros:/home/golf1234_pc/test1_ws/install/test1:/opt/ros/jazzy DEBUGINFOD_URLS=https://debuginfod.ubuntu.com /usr/bin/cmake --build /home/golf1234_pc/manipurator_ws/build/mtc_config1 -- -j16 -l16
