[01m[K/home/golf1234_pc/manipurator_ws/src/mtc_config1/src/mtc_node_test.cpp:[m[K In member function â€˜[01m[Kmoveit::task_constructor::Task MTCTaskNode::[01;32m[KcreateTask[m[K()[m[Kâ€™:
[01m[K/home/golf1234_pc/manipurator_ws/src/mtc_config1/src/mtc_node_test.cpp:298:36:[m[K [01;31m[Kerror: [m[Kno matching function for call to â€˜[01m[Kmoveit::task_constructor::stages::ComputeIK::setMinSolutionDistance(double, double)[m[Kâ€™
  298 |     [01;31m[Kwrapper->setMinSolutionDistance(0.001, 1.0)[m[K;
      |     [01;31m[K~~~~~~~~~~~~~~~~~~~~~~~~~~~~~~~^~~~~~~~~~~~[m[K
In file included from [01m[K/home/golf1234_pc/ws_moveit/install/moveit_task_constructor_core/include/moveit/task_constructor/stages.h:41[m[K,
                 from [01m[K/home/golf1234_pc/manipurator_ws/src/mtc_config1/src/mtc_node_test.cpp:7[m[K:
[01m[K/home/golf1234_pc/ws_moveit/install/moveit_task_constructor_core/include/moveit/task_constructor/stages/compute_ik.h:111:14:[m[K [01;36m[Knote: [m[Kcandidate: â€˜[01m[Kvoid moveit::task_constructor::stages::ComputeIK::[01;32m[KsetMinSolutionDistance[m[K(double)[m[Kâ€™
  111 |         void [01;36m[KsetMinSolutionDistance[m[K(double distance) { setProperty("min_solution_distance", distance); }
      |              [01;36m[K^~~~~~~~~~~~~~~~~~~~~~[m[K
[01m[K/home/golf1234_pc/ws_moveit/install/moveit_task_constructor_core/include/moveit/task_constructor/stages/compute_ik.h:111:14:[m[K [01;36m[Knote: [m[K  candidate expects 1 argument, 2 provided
[01m[K/home/golf1234_pc/manipurator_ws/src/mtc_config1/src/mtc_node_test.cpp:299:14:[m[K [01;31m[Kerror: [m[Kâ€˜[01m[Kclass moveit::task_constructor::stages::ComputeIK[m[Kâ€™ has no member named â€˜[01m[KsetMinFraction[m[Kâ€™
  299 |     wrapper->[01;31m[KsetMinFraction[m[K(0.1);
      |              [01;31m[K^~~~~~~~~~~~~~[m[K
gmake[2]: *** [CMakeFiles/mtc_node_test.dir/build.make:76: CMakeFiles/mtc_node_test.dir/src/mtc_node_test.cpp.o] Error 1
gmake[1]: *** [CMakeFiles/Makefile2:165: CMakeFiles/mtc_node_test.dir/all] Error 2
gmake: *** [Makefile:146: all] Error 2
