[0.023s] Invoking command in '/home/golf1234_pc/manipurator_ws/build/mtc_config1': CMAKE_PREFIX_PATH=${CMAKE_PREFIX_PATH}:/home/golf1234_pc/ws_moveit/install/moveit_configs_utils:/home/golf1234_pc/project1_ws/install/server_controllers:/home/golf1234_pc/project1_ws/install/mobile_manipurator:/home/golf1234_pc/project1_ws/install/camera2_ros:/home/golf1234_pc/test1_ws/install/test1:/opt/ros/jazzy DEBUGINFOD_URLS=https://debuginfod.ubuntu.com /usr/bin/cmake --build /home/golf1234_pc/manipurator_ws/build/mtc_config1 -- -j16 -l16
[0.112s] [ 50%] Built target mtc_node
[0.126s] [ 75%] [32mBuilding CXX object CMakeFiles/mtc_node_test.dir/src/mtc_node_test.cpp.o[0m
[5.735s] [01m[K/home/golf1234_pc/manipurator_ws/src/mtc_config1/src/mtc_node_test.cpp:[m[K In member function â€˜[01m[Kmoveit::task_constructor::Task MTCTaskNode::[01;32m[KcreateTask[m[K()[m[Kâ€™:
[5.735s] [01m[K/home/golf1234_pc/manipurator_ws/src/mtc_config1/src/mtc_node_test.cpp:298:36:[m[K [01;31m[Kerror: [m[Kno matching function for call to â€˜[01m[Kmoveit::task_constructor::stages::ComputeIK::setMinSolutionDistance(double, double)[m[Kâ€™
[5.735s]   298 |     [01;31m[Kwrapper->setMinSolutionDistance(0.001, 1.0)[m[K;
[5.736s]       |     [01;31m[K~~~~~~~~~~~~~~~~~~~~~~~~~~~~~~~^~~~~~~~~~~~[m[K
[5.736s] In file included from [01m[K/home/golf1234_pc/ws_moveit/install/moveit_task_constructor_core/include/moveit/task_constructor/stages.h:41[m[K,
[5.736s]                  from [01m[K/home/golf1234_pc/manipurator_ws/src/mtc_config1/src/mtc_node_test.cpp:7[m[K:
[5.736s] [01m[K/home/golf1234_pc/ws_moveit/install/moveit_task_constructor_core/include/moveit/task_constructor/stages/compute_ik.h:111:14:[m[K [01;36m[Knote: [m[Kcandidate: â€˜[01m[Kvoid moveit::task_constructor::stages::ComputeIK::[01;32m[KsetMinSolutionDistance[m[K(double)[m[Kâ€™
[5.736s]   111 |         void [01;36m[KsetMinSolutionDistance[m[K(double distance) { setProperty("min_solution_distance", distance); }
[5.736s]       |              [01;36m[K^~~~~~~~~~~~~~~~~~~~~~[m[K
[5.736s] [01m[K/home/golf1234_pc/ws_moveit/install/moveit_task_constructor_core/include/moveit/task_constructor/stages/compute_ik.h:111:14:[m[K [01;36m[Knote: [m[K  candidate expects 1 argument, 2 provided
[5.736s] [01m[K/home/golf1234_pc/manipurator_ws/src/mtc_config1/src/mtc_node_test.cpp:299:14:[m[K [01;31m[Kerror: [m[Kâ€˜[01m[Kclass moveit::task_constructor::stages::ComputeIK[m[Kâ€™ has no member named â€˜[01m[KsetMinFraction[m[Kâ€™
[5.736s]   299 |     wrapper->[01;31m[KsetMinFraction[m[K(0.1);
[5.736s]       |              [01;31m[K^~~~~~~~~~~~~~[m[K
[9.962s] gmake[2]: *** [CMakeFiles/mtc_node_test.dir/build.make:76: CMakeFiles/mtc_node_test.dir/src/mtc_node_test.cpp.o] Error 1
[9.962s] gmake[1]: *** [CMakeFiles/Makefile2:165: CMakeFiles/mtc_node_test.dir/all] Error 2
[9.962s] gmake: *** [Makefile:146: all] Error 2
[9.965s] Invoked command in '/home/golf1234_pc/manipurator_ws/build/mtc_config1' returned '2': CMAKE_PREFIX_PATH=${CMAKE_PREFIX_PATH}:/home/golf1234_pc/ws_moveit/install/moveit_configs_utils:/home/golf1234_pc/project1_ws/install/server_controllers:/home/golf1234_pc/project1_ws/install/mobile_manipurator:/home/golf1234_pc/project1_ws/install/camera2_ros:/home/golf1234_pc/test1_ws/install/test1:/opt/ros/jazzy DEBUGINFOD_URLS=https://debuginfod.ubuntu.com /usr/bin/cmake --build /home/golf1234_pc/manipurator_ws/build/mtc_config1 -- -j16 -l16
