[ 50%] Built target mtc_node
[ 50%] [32mBuilding CXX object CMakeFiles/mtc_node_test.dir/src/mtc_node_test.cpp.o[0m
[ 66%] [32mBuilding CXX object CMakeFiles/mtc_pub.dir/src/mtc_pub.cpp.o[0m
[01m[K/home/golf1234_pc/manipurator_ws/src/mtc_config1/src/mtc_node_test.cpp:[m[K In member function â€˜[01m[Kvoid MTCTaskNode::[01;32m[KsetupPlanningScene[m[K()[m[Kâ€™:
[01m[K/home/golf1234_pc/manipurator_ws/src/mtc_config1/src/mtc_node_test.cpp:104:51:[m[K [01;31m[Kerror: [m[Kexpected â€˜[01m[K;[m[Kâ€™ before â€˜[01m[Kobject[m[Kâ€™
  104 |   pose.orientation = current_position_.orientation[01;31m[K [m[K // Translate to geometry_msgs::msg::Quaternion
      |                                                   [01;31m[K^[m[K
      |                                                   [32m[K;[m[K
  105 | 
  106 |   [32m[Kobject[m[K.pose = pose;
      |   [32m[K~~~~~~[m[K                                           
[ 83%] [32m[1mLinking CXX executable mtc_pub[0m
gmake[2]: *** [CMakeFiles/mtc_node_test.dir/build.make:76: CMakeFiles/mtc_node_test.dir/src/mtc_node_test.cpp.o] Error 1
gmake[1]: *** [CMakeFiles/Makefile2:167: CMakeFiles/mtc_node_test.dir/all] Error 2
gmake[1]: *** Waiting for unfinished jobs....
[ 83%] Built target mtc_pub
gmake: *** [Makefile:146: all] Error 2
