[0.025s] Invoking command in '/home/golf1234_pc/manipurator_ws/build/mtc_config1': CMAKE_PREFIX_PATH=${CMAKE_PREFIX_PATH}:/home/golf1234_pc/ws_moveit/install/moveit_configs_utils:/home/golf1234_pc/project1_ws/install/server_controllers:/home/golf1234_pc/project1_ws/install/mobile_manipurator:/home/golf1234_pc/project1_ws/install/camera2_ros:/home/golf1234_pc/test1_ws/install/test1:/opt/ros/jazzy DEBUGINFOD_URLS=https://debuginfod.ubuntu.com /usr/bin/cmake --build /home/golf1234_pc/manipurator_ws/build/mtc_config1 -- -j16 -l16
[0.246s] [ 50%] Built target mtc_node
[0.250s] [ 75%] [32mBuilding CXX object CMakeFiles/mtc_node_test.dir/src/mtc_node_test.cpp.o[0m
[5.358s] [01m[K/home/golf1234_pc/manipurator_ws/src/mtc_config1/src/mtc_node_test.cpp:[m[K In member function â€˜[01m[Kvoid MTCTaskNode::[01;32m[KsetupPlanningScene[m[K()[m[Kâ€™:
[5.358s] [01m[K/home/golf1234_pc/manipurator_ws/src/mtc_config1/src/mtc_node_test.cpp:74:3:[m[K [01;31m[Kerror: [m[Kâ€˜[01m[Kobject[m[Kâ€™ was not declared in this scope
[5.358s]    74 |   [01;31m[Kobject[m[K.pose = pose;
[5.358s]       |   [01;31m[K^~~~~~[m[K
[8.786s] gmake[2]: *** [CMakeFiles/mtc_node_test.dir/build.make:76: CMakeFiles/mtc_node_test.dir/src/mtc_node_test.cpp.o] Error 1
[8.786s] gmake[1]: *** [CMakeFiles/Makefile2:165: CMakeFiles/mtc_node_test.dir/all] Error 2
[8.787s] gmake: *** [Makefile:146: all] Error 2
[8.788s] Invoked command in '/home/golf1234_pc/manipurator_ws/build/mtc_config1' returned '2': CMAKE_PREFIX_PATH=${CMAKE_PREFIX_PATH}:/home/golf1234_pc/ws_moveit/install/moveit_configs_utils:/home/golf1234_pc/project1_ws/install/server_controllers:/home/golf1234_pc/project1_ws/install/mobile_manipurator:/home/golf1234_pc/project1_ws/install/camera2_ros:/home/golf1234_pc/test1_ws/install/test1:/opt/ros/jazzy DEBUGINFOD_URLS=https://debuginfod.ubuntu.com /usr/bin/cmake --build /home/golf1234_pc/manipurator_ws/build/mtc_config1 -- -j16 -l16
