[ 50%] Built target mtc_node
[ 75%] [32mBuilding CXX object CMakeFiles/mtc_node_test.dir/src/mtc_node_test.cpp.o[0m
[01m[K/home/golf1234_pc/manipurator_ws/src/mtc_config1/src/mtc_node_test.cpp:[m[K In member function â€˜[01m[Kvoid MTCTaskNode::[01;32m[KdoTask[m[K()[m[Kâ€™:
[01m[K/home/golf1234_pc/manipurator_ws/src/mtc_config1/src/mtc_node_test.cpp:82:3:[m[K [01;31m[Kerror: [m[Kâ€˜[01m[Ktask_[m[Kâ€™ was not declared in this scope
   82 |   [01;31m[Ktask_[m[K = createTask();
      |   [01;31m[K^~~~~[m[K
[01m[K/home/golf1234_pc/manipurator_ws/src/mtc_config1/src/mtc_node_test.cpp:82:11:[m[K [01;31m[Kerror: [m[Kâ€˜[01m[KcreateTask[m[Kâ€™ was not declared in this scope
   82 |   task_ = [01;31m[KcreateTask[m[K();
      |           [01;31m[K^~~~~~~~~~[m[K
[01m[K/home/golf1234_pc/manipurator_ws/src/mtc_config1/src/mtc_node_test.cpp:[m[K At global scope:
[01m[K/home/golf1234_pc/manipurator_ws/src/mtc_config1/src/mtc_node_test.cpp:113:11:[m[K [01;31m[Kerror: [m[Kno declaration matches â€˜[01m[Kmoveit::task_constructor::Task MTCTaskNode::[01;32m[KcreateTask[m[K()[m[Kâ€™
  113 | mtc::Task [01;31m[KMTCTaskNode[m[K::createTask() //this parameter for create Task to pick and place the object
      |           [01;31m[K^~~~~~~~~~~[m[K
[01m[K/home/golf1234_pc/manipurator_ws/src/mtc_config1/src/mtc_node_test.cpp:113:11:[m[K [01;36m[Knote: [m[Kno functions named â€˜[01m[Kmoveit::task_constructor::Task MTCTaskNode::[01;32m[KcreateTask[m[K()[m[Kâ€™
[01m[K/home/golf1234_pc/manipurator_ws/src/mtc_config1/src/mtc_node_test.cpp:26:7:[m[K [01;36m[Knote: [m[Kâ€˜[01m[Kclass MTCTaskNode[m[Kâ€™ defined here
   26 | class [01;36m[KMTCTaskNode[m[K
      |       [01;36m[K^~~~~~~~~~~[m[K
[01m[K/home/golf1234_pc/manipurator_ws/src/mtc_config1/src/mtc_node_test.cpp:[m[K In lambda function:
[01m[K/home/golf1234_pc/manipurator_ws/src/mtc_config1/src/mtc_node_test.cpp:338:38:[m[K [01;31m[Kerror: [m[Kâ€˜[01m[Kusing std::__shared_ptr_access<MTCTaskNode, __gnu_cxx::_S_atomic, false, false>::element_type = class MTCTaskNode[m[Kâ€™ {aka â€˜[01m[Kclass MTCTaskNode[m[Kâ€™} has no member named â€˜[01m[KgetNodeBaseInterface[m[Kâ€™
  338 |     executor.add_node(mtc_task_node->[01;31m[KgetNodeBaseInterface[m[K());
      |                                      [01;31m[K^~~~~~~~~~~~~~~~~~~~[m[K
[01m[K/home/golf1234_pc/manipurator_ws/src/mtc_config1/src/mtc_node_test.cpp:340:41:[m[K [01;31m[Kerror: [m[Kâ€˜[01m[Kusing std::__shared_ptr_access<MTCTaskNode, __gnu_cxx::_S_atomic, false, false>::element_type = class MTCTaskNode[m[Kâ€™ {aka â€˜[01m[Kclass MTCTaskNode[m[Kâ€™} has no member named â€˜[01m[KgetNodeBaseInterface[m[Kâ€™
  340 |     executor.remove_node(mtc_task_node->[01;31m[KgetNodeBaseInterface[m[K());
      |                                         [01;31m[K^~~~~~~~~~~~~~~~~~~~[m[K
gmake[2]: *** [CMakeFiles/mtc_node_test.dir/build.make:76: CMakeFiles/mtc_node_test.dir/src/mtc_node_test.cpp.o] Error 1
gmake[1]: *** [CMakeFiles/Makefile2:165: CMakeFiles/mtc_node_test.dir/all] Error 2
gmake: *** [Makefile:146: all] Error 2
