[0.023s] Invoking command in '/home/golf1234_pc/manipurator_ws/build/mtc_config1': CMAKE_PREFIX_PATH=${CMAKE_PREFIX_PATH}:/home/golf1234_pc/ws_moveit/install/moveit_configs_utils:/home/golf1234_pc/project1_ws/install/server_controllers:/home/golf1234_pc/project1_ws/install/mobile_manipurator:/home/golf1234_pc/project1_ws/install/camera2_ros:/home/golf1234_pc/test1_ws/install/test1:/opt/ros/jazzy DEBUGINFOD_URLS=https://debuginfod.ubuntu.com /usr/bin/cmake --build /home/golf1234_pc/manipurator_ws/build/mtc_config1 -- -j16 -l16
[0.113s] [ 50%] Built target mtc_node
[0.125s] [ 75%] [32mBuilding CXX object CMakeFiles/mtc_node_test.dir/src/mtc_node_test.cpp.o[0m
[6.114s] [01m[K/home/golf1234_pc/manipurator_ws/src/mtc_config1/src/mtc_node_test.cpp:[m[K In member function â€˜[01m[Kvoid MTCTaskNode::[01;32m[KdoTask[m[K()[m[Kâ€™:
[6.114s] [01m[K/home/golf1234_pc/manipurator_ws/src/mtc_config1/src/mtc_node_test.cpp:82:3:[m[K [01;31m[Kerror: [m[Kâ€˜[01m[Ktask_[m[Kâ€™ was not declared in this scope
[6.114s]    82 |   [01;31m[Ktask_[m[K = createTask();
[6.114s]       |   [01;31m[K^~~~~[m[K
[6.123s] [01m[K/home/golf1234_pc/manipurator_ws/src/mtc_config1/src/mtc_node_test.cpp:82:11:[m[K [01;31m[Kerror: [m[Kâ€˜[01m[KcreateTask[m[Kâ€™ was not declared in this scope
[6.123s]    82 |   task_ = [01;31m[KcreateTask[m[K();
[6.123s]       |           [01;31m[K^~~~~~~~~~[m[K
[6.125s] [01m[K/home/golf1234_pc/manipurator_ws/src/mtc_config1/src/mtc_node_test.cpp:[m[K At global scope:
[6.125s] [01m[K/home/golf1234_pc/manipurator_ws/src/mtc_config1/src/mtc_node_test.cpp:113:11:[m[K [01;31m[Kerror: [m[Kno declaration matches â€˜[01m[Kmoveit::task_constructor::Task MTCTaskNode::[01;32m[KcreateTask[m[K()[m[Kâ€™
[6.125s]   113 | mtc::Task [01;31m[KMTCTaskNode[m[K::createTask() //this parameter for create Task to pick and place the object
[6.125s]       |           [01;31m[K^~~~~~~~~~~[m[K
[6.125s] [01m[K/home/golf1234_pc/manipurator_ws/src/mtc_config1/src/mtc_node_test.cpp:113:11:[m[K [01;36m[Knote: [m[Kno functions named â€˜[01m[Kmoveit::task_constructor::Task MTCTaskNode::[01;32m[KcreateTask[m[K()[m[Kâ€™
[6.125s] [01m[K/home/golf1234_pc/manipurator_ws/src/mtc_config1/src/mtc_node_test.cpp:26:7:[m[K [01;36m[Knote: [m[Kâ€˜[01m[Kclass MTCTaskNode[m[Kâ€™ defined here
[6.125s]    26 | class [01;36m[KMTCTaskNode[m[K
[6.125s]       |       [01;36m[K^~~~~~~~~~~[m[K
[6.127s] [01m[K/home/golf1234_pc/manipurator_ws/src/mtc_config1/src/mtc_node_test.cpp:[m[K In lambda function:
[6.127s] [01m[K/home/golf1234_pc/manipurator_ws/src/mtc_config1/src/mtc_node_test.cpp:338:38:[m[K [01;31m[Kerror: [m[Kâ€˜[01m[Kusing std::__shared_ptr_access<MTCTaskNode, __gnu_cxx::_S_atomic, false, false>::element_type = class MTCTaskNode[m[Kâ€™ {aka â€˜[01m[Kclass MTCTaskNode[m[Kâ€™} has no member named â€˜[01m[KgetNodeBaseInterface[m[Kâ€™
[6.127s]   338 |     executor.add_node(mtc_task_node->[01;31m[KgetNodeBaseInterface[m[K());
[6.127s]       |                                      [01;31m[K^~~~~~~~~~~~~~~~~~~~[m[K
[6.127s] [01m[K/home/golf1234_pc/manipurator_ws/src/mtc_config1/src/mtc_node_test.cpp:340:41:[m[K [01;31m[Kerror: [m[Kâ€˜[01m[Kusing std::__shared_ptr_access<MTCTaskNode, __gnu_cxx::_S_atomic, false, false>::element_type = class MTCTaskNode[m[Kâ€™ {aka â€˜[01m[Kclass MTCTaskNode[m[Kâ€™} has no member named â€˜[01m[KgetNodeBaseInterface[m[Kâ€™
[6.127s]   340 |     executor.remove_node(mtc_task_node->[01;31m[KgetNodeBaseInterface[m[K());
[6.127s]       |                                         [01;31m[K^~~~~~~~~~~~~~~~~~~~[m[K
[11.212s] gmake[2]: *** [CMakeFiles/mtc_node_test.dir/build.make:76: CMakeFiles/mtc_node_test.dir/src/mtc_node_test.cpp.o] Error 1
[11.212s] gmake[1]: *** [CMakeFiles/Makefile2:165: CMakeFiles/mtc_node_test.dir/all] Error 2
[11.212s] gmake: *** [Makefile:146: all] Error 2
[11.215s] Invoked command in '/home/golf1234_pc/manipurator_ws/build/mtc_config1' returned '2': CMAKE_PREFIX_PATH=${CMAKE_PREFIX_PATH}:/home/golf1234_pc/ws_moveit/install/moveit_configs_utils:/home/golf1234_pc/project1_ws/install/server_controllers:/home/golf1234_pc/project1_ws/install/mobile_manipurator:/home/golf1234_pc/project1_ws/install/camera2_ros:/home/golf1234_pc/test1_ws/install/test1:/opt/ros/jazzy DEBUGINFOD_URLS=https://debuginfod.ubuntu.com /usr/bin/cmake --build /home/golf1234_pc/manipurator_ws/build/mtc_config1 -- -j16 -l16
