[ 25%] [32mBuilding CXX object CMakeFiles/mtc_node_test.dir/src/mtc_node_test.cpp.o[0m
[ 50%] [32mBuilding CXX object CMakeFiles/mtc_node.dir/src/mtc_node.cpp.o[0m
[01m[K/home/golf1234_pc/manipurator_ws/src/mtc_config1/src/mtc_node.cpp:[m[K In member function â€˜[01m[Kmoveit::task_constructor::Task MTCTaskNode::[01;32m[KcreateTask[m[K()[m[Kâ€™:
[01m[K/home/golf1234_pc/manipurator_ws/src/mtc_config1/src/mtc_node.cpp:271:12:[m[K [01;31m[Kerror: [m[Kâ€˜[01m[Kclass moveit::task_constructor::stages::GeneratePlacePose[m[Kâ€™ has no member named â€˜[01m[KsetAngleDelta[m[Kâ€™
  271 |     stage->[01;31m[KsetAngleDelta[m[K(M_PI / 12);
      |            [01;31m[K^~~~~~~~~~~~~[m[K
gmake[2]: *** [CMakeFiles/mtc_node.dir/build.make:76: CMakeFiles/mtc_node.dir/src/mtc_node.cpp.o] Error 1
gmake[1]: *** [CMakeFiles/Makefile2:139: CMakeFiles/mtc_node.dir/all] Error 2
gmake[1]: *** Waiting for unfinished jobs....
[ 75%] [32m[1mLinking CXX executable mtc_node_test[0m
[ 75%] Built target mtc_node_test
gmake: *** [Makefile:146: all] Error 2
