[0.020s] Invoking command in '/home/golf1234_pc/manipurator_ws/build/mtc_config1': CMAKE_PREFIX_PATH=${CMAKE_PREFIX_PATH}:/home/golf1234_pc/ws_moveit/install/moveit_configs_utils:/home/golf1234_pc/project1_ws/install/server_controllers:/home/golf1234_pc/project1_ws/install/mobile_manipurator:/home/golf1234_pc/project1_ws/install/camera2_ros:/home/golf1234_pc/test1_ws/install/test1:/opt/ros/jazzy DEBUGINFOD_URLS=https://debuginfod.ubuntu.com /usr/bin/cmake --build /home/golf1234_pc/manipurator_ws/build/mtc_config1 -- -j16 -l16
[0.105s] [ 50%] Built target mtc_node
[0.112s] [ 75%] [32mBuilding CXX object CMakeFiles/mtc_node_test.dir/src/mtc_node_test.cpp.o[0m
[4.859s] [01m[K/home/golf1234_pc/manipurator_ws/src/mtc_config1/src/mtc_node_test.cpp:[m[K In constructor â€˜[01m[KMTCTaskNode::[01;32m[KMTCTaskNode[m[K(const rclcpp::NodeOptions&)[m[Kâ€™:
[4.859s] [01m[K/home/golf1234_pc/manipurator_ws/src/mtc_config1/src/mtc_node_test.cpp:52:55:[m[K [01;31m[Kerror: [m[Kâ€˜[01m[KobjectPoseCallback[m[Kâ€™ is not a member of â€˜[01m[KMTCTaskNode[m[Kâ€™
[4.859s]    52 |       "/object_position", 10, std::bind(&MTCTaskNode::[01;31m[KobjectPoseCallback[m[K, this, std::placeholders::_1));
[4.859s]       |                                                       [01;31m[K^~~~~~~~~~~~~~~~~~[m[K
[4.859s] [01m[K/home/golf1234_pc/manipurator_ws/src/mtc_config1/src/mtc_node_test.cpp:[m[K At global scope:
[4.859s] [01m[K/home/golf1234_pc/manipurator_ws/src/mtc_config1/src/mtc_node_test.cpp:54:6:[m[K [01;31m[Kerror: [m[Kno declaration matches â€˜[01m[Kvoid MTCTaskNode::[01;32m[KobjectPoseCallback[m[K(geometry_msgs::msg::Pose_<std::allocator<void> >::SharedPtr)[m[Kâ€™
[4.859s]    54 | void [01;31m[KMTCTaskNode[m[K::objectPoseCallback(const geometry_msgs::msg::Pose::SharedPtr msg)
[4.859s]       |      [01;31m[K^~~~~~~~~~~[m[K
[4.859s] [01m[K/home/golf1234_pc/manipurator_ws/src/mtc_config1/src/mtc_node_test.cpp:54:6:[m[K [01;36m[Knote: [m[Kno functions named â€˜[01m[Kvoid MTCTaskNode::[01;32m[KobjectPoseCallback[m[K(geometry_msgs::msg::Pose_<std::allocator<void> >::SharedPtr)[m[Kâ€™
[4.860s] [01m[K/home/golf1234_pc/manipurator_ws/src/mtc_config1/src/mtc_node_test.cpp:26:7:[m[K [01;36m[Knote: [m[Kâ€˜[01m[Kclass MTCTaskNode[m[Kâ€™ defined here
[4.860s]    26 | class [01;36m[KMTCTaskNode[m[K
[4.860s]       |       [01;36m[K^~~~~~~~~~~[m[K
[8.236s] gmake[2]: *** [CMakeFiles/mtc_node_test.dir/build.make:76: CMakeFiles/mtc_node_test.dir/src/mtc_node_test.cpp.o] Error 1
[8.236s] gmake[1]: *** [CMakeFiles/Makefile2:165: CMakeFiles/mtc_node_test.dir/all] Error 2
[8.237s] gmake: *** [Makefile:146: all] Error 2
[8.238s] Invoked command in '/home/golf1234_pc/manipurator_ws/build/mtc_config1' returned '2': CMAKE_PREFIX_PATH=${CMAKE_PREFIX_PATH}:/home/golf1234_pc/ws_moveit/install/moveit_configs_utils:/home/golf1234_pc/project1_ws/install/server_controllers:/home/golf1234_pc/project1_ws/install/mobile_manipurator:/home/golf1234_pc/project1_ws/install/camera2_ros:/home/golf1234_pc/test1_ws/install/test1:/opt/ros/jazzy DEBUGINFOD_URLS=https://debuginfod.ubuntu.com /usr/bin/cmake --build /home/golf1234_pc/manipurator_ws/build/mtc_config1 -- -j16 -l16
