[ 50%] [32mBuilding CXX object CMakeFiles/mtc_node_test.dir/src/mtc_node_test.cpp.o[0m
[ 75%] Built target mtc_node
[01m[K/home/golf1234_pc/manipurator_ws/src/mtc_config1/src/mtc_node_test.cpp:[m[K In member function â€˜[01m[Kmoveit::task_constructor::Task MTCTaskNode::[01;32m[KcreateTask[m[K()[m[Kâ€™:
[01m[K/home/golf1234_pc/manipurator_ws/src/mtc_config1/src/mtc_node_test.cpp:276:21:[m[K [01;31m[Kerror: [m[Kâ€˜[01m[Kusing geometry_msgs::msg::PoseStamped = struct geometry_msgs::msg::PoseStamped_<std::allocator<void> >[m[Kâ€™ {aka â€˜[01m[Kstruct geometry_msgs::msg::PoseStamped_<std::allocator<void> >[m[Kâ€™} has no member named â€˜[01m[Korientation[m[Kâ€™
  276 |     target_pose_msg.[01;31m[Korientation[m[K = tf2::toMsg(q);  // translate to geometry_msgs::msg::Quaternion
      |                     [01;31m[K^~~~~~~~~~~[m[K
gmake[2]: *** [CMakeFiles/mtc_node_test.dir/build.make:76: CMakeFiles/mtc_node_test.dir/src/mtc_node_test.cpp.o] Error 1
gmake[1]: *** [CMakeFiles/Makefile2:165: CMakeFiles/mtc_node_test.dir/all] Error 2
gmake: *** [Makefile:146: all] Error 2
