[ 50%] Built target mtc_node
[ 75%] [32mBuilding CXX object CMakeFiles/mtc_node_test.dir/src/mtc_node_test.cpp.o[0m
[01m[K/home/golf1234_pc/manipurator_ws/src/mtc_config1/src/mtc_node_test.cpp:[m[K In member function â€˜[01m[Kmoveit::task_constructor::Task MTCTaskNode::[01;32m[KcreateTask[m[K()[m[Kâ€™:
[01m[K/home/golf1234_pc/manipurator_ws/src/mtc_config1/src/mtc_node_test.cpp:239:7:[m[K [01;31m[Kerror: [m[Kâ€˜[01m[Kattach_object_stage[m[Kâ€™ was not declared in this scope
  239 |       [01;31m[Kattach_object_stage[m[K = stage.get();
      |       [01;31m[K^~~~~~~~~~~~~~~~~~~[m[K
gmake[2]: *** [CMakeFiles/mtc_node_test.dir/build.make:76: CMakeFiles/mtc_node_test.dir/src/mtc_node_test.cpp.o] Error 1
gmake[1]: *** [CMakeFiles/Makefile2:165: CMakeFiles/mtc_node_test.dir/all] Error 2
gmake: *** [Makefile:146: all] Error 2
