[01m[K/home/golf1234_pc/manipurator_ws/src/mtc_config1/src/mtc_node_test.cpp:[m[K In member function â€˜[01m[Kvoid MTCTaskNode::[01;32m[KdoTask[m[K()[m[Kâ€™:
[01m[K/home/golf1234_pc/manipurator_ws/src/mtc_config1/src/mtc_node_test.cpp:88:16:[m[K [01;31m[Kerror: [m[Kexpected â€˜[01m[K;[m[Kâ€™ before â€˜[01m[Kreturn[m[Kâ€™
   88 |   task_.plan(1)
      |                [01;31m[K^[m[K
      |                [32m[K;[m[K
   89 |   [32m[Kreturn[m[K;
      |   [32m[K~~~~~~[m[K        
gmake[2]: *** [CMakeFiles/mtc_node_test.dir/build.make:76: CMakeFiles/mtc_node_test.dir/src/mtc_node_test.cpp.o] Error 1
gmake[1]: *** [CMakeFiles/Makefile2:165: CMakeFiles/mtc_node_test.dir/all] Error 2
gmake: *** [Makefile:146: all] Error 2
