[ 16%] [32mBuilding CXX object CMakeFiles/mtc_pub.dir/src/mtc_pub.cpp.o[0m
[ 50%] Built target mtc_node
[ 66%] [32mBuilding CXX object CMakeFiles/mtc_node_test.dir/src/mtc_node_test.cpp.o[0m
In file included from [01m[K/opt/ros/jazzy/include/rclcpp/rclcpp/logging.hpp:24[m[K,
                 from [01m[K/opt/ros/jazzy/include/rclcpp/rclcpp/copy_all_parameter_values.hpp:27[m[K,
                 from [01m[K/opt/ros/jazzy/include/rclcpp/rclcpp/rclcpp.hpp:171[m[K,
                 from [01m[K/home/golf1234_pc/manipurator_ws/src/mtc_config1/src/mtc_node_test.cpp:1[m[K:
[01m[K/home/golf1234_pc/manipurator_ws/src/mtc_config1/src/mtc_node_test.cpp:[m[K In member function â€˜[01m[Kvoid MTCTaskNode::[01;32m[KpositionCallback[m[K(geometry_msgs::msg::Pose_<std::allocator<void> >::SharedPtr)[m[Kâ€™:
[01m[K/home/golf1234_pc/manipurator_ws/src/mtc_config1/src/mtc_node_test.cpp:75:15:[m[K [01;31m[Kerror: [m[Kexpected â€˜[01m[K)[m[Kâ€™ before â€˜[01m[Kcurrent_position_[m[Kâ€™
   75 |               [01;31m[Kcurrent_position_[m[K.orientation.z);
      |               [01;31m[K^~~~~~~~~~~~~~~~~[m[K
[01m[K/home/golf1234_pc/manipurator_ws/src/mtc_config1/src/mtc_node_test.cpp:71:3:[m[K [01;36m[Knote: [m[Kto match this â€˜[01m[K([m[Kâ€™
   71 |   [01;36m[KRCLCPP_INFO[m[K(LOGGER, "Received position: x=%.2f, y=%.2f, z=%.2f, yaw=%.2f",
      |   [01;36m[K^~~~~~~~~~~[m[K
[01m[K/home/golf1234_pc/manipurator_ws/src/mtc_config1/src/mtc_node_test.cpp:71:23:[m[K [01;35m[Kwarning: [m[Kformat â€˜[01m[K%f[m[Kâ€™ expects a matching â€˜[01m[Kdouble[m[Kâ€™ argument [[01;35m[K]8;;https://gcc.gnu.org/onlinedocs/gcc/Warning-Options.html#index-Wformat=-Wformat=]8;;[m[K]
   71 |   RCLCPP_INFO(LOGGER, [01;35m[K"Received position: x=%.2f, y=%.2f, z=%.2f, yaw=%.2f"[m[K,
      |                       [01;35m[K^~~~~~~~~~~~~~~~~~~~~~~~~~~~~~~~~~~~~~~~~~~~~~~~~~~~~[m[K
[01m[K/home/golf1234_pc/manipurator_ws/src/mtc_config1/src/mtc_node_test.cpp:71:74:[m[K [01;36m[Knote: [m[Kformat string is defined here
   71 |   RCLCPP_INFO(LOGGER, "Received position: x=%.2f, y=%.2f, z=%.2f, yaw=[01;36m[K%.2f[m[K",
      |                                                                       [01;36m[K~~~^[m[K
      |                                                                          [01;36m[K|[m[K
      |                                                                          [01;36m[Kdouble[m[K
[ 83%] [32m[1mLinking CXX executable mtc_pub[0m
gmake[2]: *** [CMakeFiles/mtc_node_test.dir/build.make:76: CMakeFiles/mtc_node_test.dir/src/mtc_node_test.cpp.o] Error 1
gmake[1]: *** [CMakeFiles/Makefile2:167: CMakeFiles/mtc_node_test.dir/all] Error 2
gmake[1]: *** Waiting for unfinished jobs....
[ 83%] Built target mtc_pub
gmake: *** [Makefile:146: all] Error 2
