[01m[K/home/golf1234_pc/manipurator_ws/src/mtc_config1/src/moveit_controller.cpp:[m[K In constructor â€˜[01m[KMoveItController::[01;32m[KMoveItController[m[K()[m[Kâ€™:
[01m[K/home/golf1234_pc/manipurator_ws/src/mtc_config1/src/moveit_controller.cpp:8:51:[m[K [01;31m[Kerror: [m[Kclass â€˜[01m[KMoveItController[m[Kâ€™ does not have any field named â€˜[01m[Klogger_[m[Kâ€™
    8 |   MoveItController() : Node("moveit_controller"), [01;31m[Klogger_[m[K(this->get_logger())
      |                                                   [01;31m[K^~~~~~~[m[K
[01m[K/home/golf1234_pc/manipurator_ws/src/mtc_config1/src/moveit_controller.cpp:[m[K In member function â€˜[01m[Kvoid MoveItController::[01;32m[Kexecute_trajectory[m[K()[m[Kâ€™:
[01m[K/home/golf1234_pc/manipurator_ws/src/mtc_config1/src/moveit_controller.cpp:16:5:[m[K [01;31m[Kerror: [m[Kâ€˜[01m[Klast_execution_status_[m[Kâ€™ was not declared in this scope
   16 |     [01;31m[Klast_execution_status_[m[K = moveit_controller_manager::ExecutionStatus::SUCCEEDED;
      |     [01;31m[K^~~~~~~~~~~~~~~~~~~~~~[m[K
In file included from [01m[K/opt/ros/jazzy/include/rclcpp/rclcpp/copy_all_parameter_values.hpp:27[m[K,
                 from [01m[K/opt/ros/jazzy/include/rclcpp/rclcpp/rclcpp.hpp:171[m[K,
                 from [01m[K/home/golf1234_pc/manipurator_ws/src/mtc_config1/src/moveit_controller.cpp:1[m[K:
[01m[K/home/golf1234_pc/manipurator_ws/src/mtc_config1/src/moveit_controller.cpp:22:19:[m[K [01;31m[Kerror: [m[Kâ€˜[01m[Klogger_[m[Kâ€™ was not declared in this scope
   22 |       RCLCPP_INFO([01;31m[Klogger_[m[K, "Completed trajectory execution with status SUCCEEDED ...");
      |                   [01;31m[K^~~~~~~[m[K
[01m[K/home/golf1234_pc/manipurator_ws/src/mtc_config1/src/moveit_controller.cpp:22:7:[m[K [01;31m[Kerror: [m[Ktemplate argument 1 is invalid
   22 |       [01;31m[KRCLCPP_INFO[m[K(logger_, "Completed trajectory execution with status SUCCEEDED ...");
      |       [01;31m[K^~~~~~~~~~~[m[K
[01m[K/home/golf1234_pc/manipurator_ws/src/mtc_config1/src/moveit_controller.cpp:22:7:[m[K [01;31m[Kerror: [m[Ktemplate argument 1 is invalid
   22 |       [01;31m[KRCLCPP_INFO[m[K(logger_, "Completed trajectory execution with status SUCCEEDED ...");
      |       [01;31m[K^~~~~~~~~~~[m[K
[01m[K/home/golf1234_pc/manipurator_ws/src/mtc_config1/src/moveit_controller.cpp:22:7:[m[K [01;31m[Kerror: [m[Ktemplate argument 1 is invalid
   22 |       [01;31m[KRCLCPP_INFO[m[K(logger_, "Completed trajectory execution with status SUCCEEDED ...");
      |       [01;31m[K^~~~~~~~~~~[m[K
gmake[2]: *** [CMakeFiles/moveit_controller.dir/build.make:76: CMakeFiles/moveit_controller.dir/src/moveit_controller.cpp.o] Error 1
gmake[1]: *** [CMakeFiles/Makefile2:221: CMakeFiles/moveit_controller.dir/all] Error 2
gmake: *** [Makefile:146: all] Error 2
