[0.028s] Invoking command in '/home/golf1234_pc/manipurator_ws/build/mtc_config1': CMAKE_PREFIX_PATH=${CMAKE_PREFIX_PATH}:/home/golf1234_pc/manipurator_ws/install/camera2_ros:/home/golf1234_pc/manipurator_ws/install/server_controllers:/home/golf1234_pc/manipurator_ws/install/mobile_manipurator:/home/golf1234_pc/install/moveit_configs_utils:/home/golf1234_pc/ws_moveit/install/moveit_configs_utils:/home/golf1234_pc/project1_ws/install/server_controllers:/home/golf1234_pc/project1_ws/install/mobile_manipurator:/home/golf1234_pc/project1_ws/install/camera2_ros:/home/golf1234_pc/test1_ws/install/test1:/opt/ros/jazzy DEBUGINFOD_URLS=https://debuginfod.ubuntu.com /usr/bin/cmake --build /home/golf1234_pc/manipurator_ws/build/mtc_config1 -- -j16 -l16
[0.153s] [ 25%] Built target mtc_pub
[0.158s] [ 50%] Built target mtc_node_test
[0.161s] [ 75%] Built target mtc_node
[0.186s] [ 87%] [32mBuilding CXX object CMakeFiles/moveit_controller.dir/src/moveit_controller.cpp.o[0m
[7.099s] [01m[K/home/golf1234_pc/manipurator_ws/src/mtc_config1/src/moveit_controller.cpp:[m[K In constructor â€˜[01m[KMoveItController::[01;32m[KMoveItController[m[K()[m[Kâ€™:
[7.099s] [01m[K/home/golf1234_pc/manipurator_ws/src/mtc_config1/src/moveit_controller.cpp:8:51:[m[K [01;31m[Kerror: [m[Kclass â€˜[01m[KMoveItController[m[Kâ€™ does not have any field named â€˜[01m[Klogger_[m[Kâ€™
[7.099s]     8 |   MoveItController() : Node("moveit_controller"), [01;31m[Klogger_[m[K(this->get_logger())
[7.100s]       |                                                   [01;31m[K^~~~~~~[m[K
[7.120s] [01m[K/home/golf1234_pc/manipurator_ws/src/mtc_config1/src/moveit_controller.cpp:[m[K In member function â€˜[01m[Kvoid MoveItController::[01;32m[Kexecute_trajectory[m[K()[m[Kâ€™:
[7.120s] [01m[K/home/golf1234_pc/manipurator_ws/src/mtc_config1/src/moveit_controller.cpp:16:5:[m[K [01;31m[Kerror: [m[Kâ€˜[01m[Klast_execution_status_[m[Kâ€™ was not declared in this scope
[7.120s]    16 |     [01;31m[Klast_execution_status_[m[K = moveit_controller_manager::ExecutionStatus::SUCCEEDED;
[7.121s]       |     [01;31m[K^~~~~~~~~~~~~~~~~~~~~~[m[K
[7.131s] In file included from [01m[K/opt/ros/jazzy/include/rclcpp/rclcpp/copy_all_parameter_values.hpp:27[m[K,
[7.131s]                  from [01m[K/opt/ros/jazzy/include/rclcpp/rclcpp/rclcpp.hpp:171[m[K,
[7.131s]                  from [01m[K/home/golf1234_pc/manipurator_ws/src/mtc_config1/src/moveit_controller.cpp:1[m[K:
[7.131s] [01m[K/home/golf1234_pc/manipurator_ws/src/mtc_config1/src/moveit_controller.cpp:22:19:[m[K [01;31m[Kerror: [m[Kâ€˜[01m[Klogger_[m[Kâ€™ was not declared in this scope
[7.131s]    22 |       RCLCPP_INFO([01;31m[Klogger_[m[K, "Completed trajectory execution with status SUCCEEDED ...");
[7.131s]       |                   [01;31m[K^~~~~~~[m[K
[7.131s] [01m[K/home/golf1234_pc/manipurator_ws/src/mtc_config1/src/moveit_controller.cpp:22:7:[m[K [01;31m[Kerror: [m[Ktemplate argument 1 is invalid
[7.131s]    22 |       [01;31m[KRCLCPP_INFO[m[K(logger_, "Completed trajectory execution with status SUCCEEDED ...");
[7.131s]       |       [01;31m[K^~~~~~~~~~~[m[K
[7.131s] [01m[K/home/golf1234_pc/manipurator_ws/src/mtc_config1/src/moveit_controller.cpp:22:7:[m[K [01;31m[Kerror: [m[Ktemplate argument 1 is invalid
[7.131s]    22 |       [01;31m[KRCLCPP_INFO[m[K(logger_, "Completed trajectory execution with status SUCCEEDED ...");
[7.131s]       |       [01;31m[K^~~~~~~~~~~[m[K
[7.131s] [01m[K/home/golf1234_pc/manipurator_ws/src/mtc_config1/src/moveit_controller.cpp:22:7:[m[K [01;31m[Kerror: [m[Ktemplate argument 1 is invalid
[7.131s]    22 |       [01;31m[KRCLCPP_INFO[m[K(logger_, "Completed trajectory execution with status SUCCEEDED ...");
[7.132s]       |       [01;31m[K^~~~~~~~~~~[m[K
[10.137s] gmake[2]: *** [CMakeFiles/moveit_controller.dir/build.make:76: CMakeFiles/moveit_controller.dir/src/moveit_controller.cpp.o] Error 1
[10.138s] gmake[1]: *** [CMakeFiles/Makefile2:221: CMakeFiles/moveit_controller.dir/all] Error 2
[10.138s] gmake: *** [Makefile:146: all] Error 2
[10.142s] Invoked command in '/home/golf1234_pc/manipurator_ws/build/mtc_config1' returned '2': CMAKE_PREFIX_PATH=${CMAKE_PREFIX_PATH}:/home/golf1234_pc/manipurator_ws/install/camera2_ros:/home/golf1234_pc/manipurator_ws/install/server_controllers:/home/golf1234_pc/manipurator_ws/install/mobile_manipurator:/home/golf1234_pc/install/moveit_configs_utils:/home/golf1234_pc/ws_moveit/install/moveit_configs_utils:/home/golf1234_pc/project1_ws/install/server_controllers:/home/golf1234_pc/project1_ws/install/mobile_manipurator:/home/golf1234_pc/project1_ws/install/camera2_ros:/home/golf1234_pc/test1_ws/install/test1:/opt/ros/jazzy DEBUGINFOD_URLS=https://debuginfod.ubuntu.com /usr/bin/cmake --build /home/golf1234_pc/manipurator_ws/build/mtc_config1 -- -j16 -l16
