[01m[K/home/golf1234_pc/manipurator_ws/src/mtc_config1/src/mtc_node_test.cpp:[m[K In member function â€˜[01m[Kmoveit::task_constructor::Task MTCTaskNode::[01;32m[KcreateTask[m[K()[m[Kâ€™:
[01m[K/home/golf1234_pc/manipurator_ws/src/mtc_config1/src/mtc_node_test.cpp:333:12:[m[K [01;31m[Kerror: [m[Kâ€˜[01m[Kclass moveit::task_constructor::stages::MoveRelative[m[Kâ€™ has no member named â€˜[01m[KsetMinFraction[m[Kâ€™; did you mean â€˜[01m[KsetDirection[m[Kâ€™?
  333 |     stage->[01;31m[KsetMinFraction[m[K(0.1);
      |            [01;31m[K^~~~~~~~~~~~~~[m[K
      |            [32m[KsetDirection[m[K
gmake[2]: *** [CMakeFiles/mtc_node_test.dir/build.make:76: CMakeFiles/mtc_node_test.dir/src/mtc_node_test.cpp.o] Error 1
gmake[1]: *** [CMakeFiles/Makefile2:165: CMakeFiles/mtc_node_test.dir/all] Error 2
gmake: *** [Makefile:146: all] Error 2
