[01m[K/home/golf1234_pc/manipurator_ws/src/mtc_config1/src/moveit_controller.cpp:42:45:[m[K [01;31m[Kerror: [m[Kâ€˜[01m[KRobotTrajectory[m[Kâ€™ is not a member of â€˜[01m[Kmoveit::core[m[Kâ€™
   42 |   std::vector<std::shared_ptr<moveit::core::[01;31m[KRobotTrajectory[m[K>> trajectories_;
      |                                             [01;31m[K^~~~~~~~~~~~~~~[m[K
[01m[K/home/golf1234_pc/manipurator_ws/src/mtc_config1/src/moveit_controller.cpp:42:45:[m[K [01;36m[Knote: [m[Ksuggested alternatives:
In file included from [01m[K/home/golf1234_pc/ws_moveit/install/moveit_core/include/moveit_core/moveit/planning_scene/planning_scene.hpp:47[m[K,
                 from [01m[K/home/golf1234_pc/manipurator_ws/src/mtc_config1/src/moveit_controller.cpp:2[m[K:
[01m[K/home/golf1234_pc/ws_moveit/install/moveit_core/include/moveit_core/moveit/robot_trajectory/robot_trajectory.hpp:59:7:[m[K [01;36m[Knote: [m[K  â€˜[01m[Krobot_trajectory::RobotTrajectory[m[Kâ€™
   59 | class [01;36m[KRobotTrajectory[m[K
      |       [01;36m[K^~~~~~~~~~~~~~~[m[K
In file included from [01m[K/home/golf1234_pc/ws_moveit/install/moveit_msgs/include/moveit_msgs/moveit_msgs/msg/robot_trajectory.hpp:7[m[K,
                 from [01m[K/home/golf1234_pc/ws_moveit/install/moveit_core/include/moveit_core/moveit/robot_trajectory/robot_trajectory.hpp:41[m[K:
[01m[K/home/golf1234_pc/ws_moveit/install/moveit_msgs/include/moveit_msgs/moveit_msgs/msg/detail/robot_trajectory__struct.hpp:138:7:[m[K [01;36m[Knote: [m[K  â€˜[01m[Kmoveit_msgs::msg::RobotTrajectory[m[Kâ€™
  138 | using [01;36m[KRobotTrajectory[m[K =
      |       [01;36m[K^~~~~~~~~~~~~~~[m[K
[01m[K/home/golf1234_pc/manipurator_ws/src/mtc_config1/src/moveit_controller.cpp:42:45:[m[K [01;31m[Kerror: [m[Ktemplate argument 1 is invalid
   42 |   std::vector<std::shared_ptr<moveit::core::[01;31m[KRobotTrajectory[m[K>> trajectories_;
      |                                             [01;31m[K^~~~~~~~~~~~~~~[m[K
[01m[K/home/golf1234_pc/manipurator_ws/src/mtc_config1/src/moveit_controller.cpp:42:60:[m[K [01;31m[Kerror: [m[Ktemplate argument 1 is invalid
   42 |   std::vector<std::shared_ptr<moveit::core::RobotTrajectory[01;31m[K>>[m[K trajectories_;
      |                                                            [01;31m[K^~[m[K
[01m[K/home/golf1234_pc/manipurator_ws/src/mtc_config1/src/moveit_controller.cpp:42:60:[m[K [01;31m[Kerror: [m[Ktemplate argument 2 is invalid
[01m[K/home/golf1234_pc/manipurator_ws/src/mtc_config1/src/moveit_controller.cpp:45:47:[m[K [01;31m[Kerror: [m[Kâ€˜[01m[KRobotTrajectory[m[Kâ€™ in namespace â€˜[01m[Kmoveit::core[m[Kâ€™ does not name a type
   45 |   void waitForRobotToStop(const moveit::core::[01;31m[KRobotTrajectory[m[K &trajectory)
      |                                               [01;31m[K^~~~~~~~~~~~~~~[m[K
[01m[K/home/golf1234_pc/manipurator_ws/src/mtc_config1/src/moveit_controller.cpp:[m[K In constructor â€˜[01m[KMoveItController::[01;32m[KMoveItController[m[K()[m[Kâ€™:
[01m[K/home/golf1234_pc/manipurator_ws/src/mtc_config1/src/moveit_controller.cpp:13:48:[m[K [01;31m[Kerror: [m[Kâ€˜[01m[Krclcpp::Logger::[01;32m[KLogger[m[K()[m[Kâ€™ is private within this context
   13 |   MoveItController() : Node("moveit_controller"[01;31m[K)[m[K
      |                                                [01;31m[K^[m[K
In file included from [01m[K/opt/ros/jazzy/include/rclcpp/rclcpp/copy_all_parameter_values.hpp:26[m[K,
                 from [01m[K/opt/ros/jazzy/include/rclcpp/rclcpp/rclcpp.hpp:171[m[K,
                 from [01m[K/home/golf1234_pc/manipurator_ws/src/mtc_config1/src/moveit_controller.cpp:1[m[K:
[01m[K/opt/ros/jazzy/include/rclcpp/rclcpp/logger.hpp:115:3:[m[K [01;36m[Knote: [m[Kdeclared private here
  115 |   [01;36m[KLogger[m[K()
      |   [01;36m[K^~~~~~[m[K
[01m[K/home/golf1234_pc/manipurator_ws/src/mtc_config1/src/moveit_controller.cpp:[m[K In member function â€˜[01m[Kvoid MoveItController::[01;32m[Kexecute_trajectory[m[K()[m[Kâ€™:
[01m[K/home/golf1234_pc/manipurator_ws/src/mtc_config1/src/moveit_controller.cpp:31:42:[m[K [01;31m[Kerror: [m[Kinvalid types â€˜[01m[Kint[size_t {aka long unsigned int}][m[Kâ€™ for array subscript
   31 |         waitForRobotToStop(*trajectories_[01;31m[K[[m[Ki - 1]);
      |                                          [01;31m[K^[m[K
[01m[K/home/golf1234_pc/manipurator_ws/src/mtc_config1/src/moveit_controller.cpp:[m[K In member function â€˜[01m[Kvoid MoveItController::[01;32m[KwaitForRobotToStop[m[K(const int&)[m[Kâ€™:
[01m[K/home/golf1234_pc/manipurator_ws/src/mtc_config1/src/moveit_controller.cpp:45:64:[m[K [01;35m[Kwarning: [m[Kunused parameter â€˜[01m[Ktrajectory[m[Kâ€™ [[01;35m[K]8;;https://gcc.gnu.org/onlinedocs/gcc/Warning-Options.html#index-Wunused-parameter-Wunused-parameter]8;;[m[K]
   45 |   void waitForRobotToStop([01;35m[Kconst moveit::core::RobotTrajectory &trajectory[m[K)
      |                           [01;35m[K~~~~~~~~~~~~~~~~~~~~~~~~~~~~~~~~~~~~~^~~~~~~~~~[m[K
gmake[2]: *** [CMakeFiles/moveit_controller.dir/build.make:76: CMakeFiles/moveit_controller.dir/src/moveit_controller.cpp.o] Error 1
gmake[1]: *** [CMakeFiles/Makefile2:221: CMakeFiles/moveit_controller.dir/all] Error 2
gmake: *** [Makefile:146: all] Error 2
