[0.020s] Invoking command in '/home/golf1234_pc/manipurator_ws/build/mtc_config1': CMAKE_PREFIX_PATH=${CMAKE_PREFIX_PATH}:/home/golf1234_pc/manipurator_ws/install/camera2_ros:/home/golf1234_pc/manipurator_ws/install/server_controllers:/home/golf1234_pc/manipurator_ws/install/mobile_manipurator:/home/golf1234_pc/install/moveit_configs_utils:/home/golf1234_pc/ws_moveit/install/moveit_configs_utils:/home/golf1234_pc/project1_ws/install/server_controllers:/home/golf1234_pc/project1_ws/install/mobile_manipurator:/home/golf1234_pc/project1_ws/install/camera2_ros:/home/golf1234_pc/test1_ws/install/test1:/opt/ros/jazzy DEBUGINFOD_URLS=https://debuginfod.ubuntu.com /usr/bin/cmake --build /home/golf1234_pc/manipurator_ws/build/mtc_config1 -- -j16 -l16
[0.057s] -- Found ament_cmake: 2.5.3 (/opt/ros/jazzy/share/ament_cmake/cmake)
[0.258s] -- Override CMake install command with custom implementation using symlinks instead of copying resources
[0.265s] -- Found moveit_task_constructor_core: 0.1.3 (/home/golf1234_pc/ws_moveit/install/moveit_task_constructor_core/share/moveit_task_constructor_core/cmake)
[0.381s] -- Found rosidl_generator_c: 4.6.5 (/opt/ros/jazzy/share/rosidl_generator_c/cmake)
[0.389s] -- Found rosidl_generator_cpp: 4.6.5 (/opt/ros/jazzy/share/rosidl_generator_cpp/cmake)
[0.403s] -- Using all available rosidl_typesupport_c: rosidl_typesupport_fastrtps_c;rosidl_typesupport_introspection_c
[0.420s] -- Using all available rosidl_typesupport_cpp: rosidl_typesupport_fastrtps_cpp;rosidl_typesupport_introspection_cpp
[0.480s] -- Found Boost: /usr/lib/x86_64-linux-gnu/cmake/Boost-1.83.0/BoostConfig.cmake (found version "1.83.0") found components: chrono date_time filesystem iostreams program_options regex serialization system thread 
[1.199s] -- Found parameter_traits: 0.4.0 (/opt/ros/jazzy/share/parameter_traits/cmake)
[1.245s] -- Found rmw_implementation_cmake: 7.3.1 (/opt/ros/jazzy/share/rmw_implementation_cmake/cmake)
[1.251s] -- Found rmw_fastrtps_cpp: 8.4.1 (/opt/ros/jazzy/share/rmw_fastrtps_cpp/cmake)
[1.439s] -- Using RMW implementation 'rmw_fastrtps_cpp' as default
[1.585s] -- Found rclcpp_lifecycle: 28.1.6 (/opt/ros/jazzy/share/rclcpp_lifecycle/cmake)
[1.613s] -- Found Boost: /usr/lib/x86_64-linux-gnu/cmake/Boost-1.83.0/BoostConfig.cmake (found version "1.83.0") found components: filesystem 
[1.687s] -- Ensuring Eigen3 include directory is part of orocos-kdl CMake target
[1.956s] -- Found Boost: /usr/lib/x86_64-linux-gnu/cmake/Boost-1.83.0/BoostConfig.cmake (found version "1.83.0") found components: system filesystem date_time program_options thread chrono 
[2.000s] -- Found Boost: /usr/lib/x86_64-linux-gnu/cmake/Boost-1.83.0/BoostConfig.cmake (found version "1.83.0") found components: date_time filesystem program_options system thread 
[2.014s] -- Found Boost: /usr/lib/x86_64-linux-gnu/cmake/Boost-1.83.0/BoostConfig.cmake (found version "1.83.0") found components: thread system filesystem regex date_time program_options 
[2.037s] -- Found Boost: /usr/lib/x86_64-linux-gnu/cmake/Boost-1.83.0/BoostConfig.cmake (found version "1.83.0") found components: system filesystem date_time program_options thread 
[2.163s] -- Found ament_lint_auto: 0.17.1 (/opt/ros/jazzy/share/ament_lint_auto/cmake)
[2.254s] -- Added test 'cppcheck' to perform static code analysis on C / C++ code
[2.254s] -- Configured cppcheck include dirs: $<BUILD_INTERFACE:/home/golf1234_pc/manipurator_ws/src/mtc_config1/include>
[2.254s] -- Configured cppcheck exclude dirs and/or files: 
[2.254s] -- Added test 'flake8' to check Python code syntax and style conventions
[2.254s] -- Configured 'flake8' exclude dirs and/or files: 
[2.255s] -- Added test 'lint_cmake' to check CMake code style
[2.255s] -- Added test 'pep257' to check Python code against some of the docstring style conventions in PEP 257
[2.256s] -- Added test 'uncrustify' to check C / C++ code style
[2.256s] -- Configured uncrustify additional arguments: 
[2.256s] -- Added test 'xmllint' to check XML markup files
[2.257s] -- Configuring done (2.2s)
[2.331s] -- Generating done (0.1s)
[2.347s] -- Build files have been written to: /home/golf1234_pc/manipurator_ws/build/mtc_config1
[2.400s] [ 12%] [32mBuilding CXX object CMakeFiles/moveit_controller.dir/src/moveit_controller.cpp.o[0m
[2.412s] [ 37%] Built target mtc_pub
[2.423s] [ 62%] Built target mtc_node
[2.424s] [ 87%] Built target mtc_node_test
[8.829s] [01m[K/home/golf1234_pc/manipurator_ws/src/mtc_config1/src/moveit_controller.cpp:42:45:[m[K [01;31m[Kerror: [m[Kâ€˜[01m[KRobotTrajectory[m[Kâ€™ is not a member of â€˜[01m[Kmoveit::core[m[Kâ€™
[8.829s]    42 |   std::vector<std::shared_ptr<moveit::core::[01;31m[KRobotTrajectory[m[K>> trajectories_;
[8.829s]       |                                             [01;31m[K^~~~~~~~~~~~~~~[m[K
[8.829s] [01m[K/home/golf1234_pc/manipurator_ws/src/mtc_config1/src/moveit_controller.cpp:42:45:[m[K [01;36m[Knote: [m[Ksuggested alternatives:
[8.829s] In file included from [01m[K/home/golf1234_pc/ws_moveit/install/moveit_core/include/moveit_core/moveit/planning_scene/planning_scene.hpp:47[m[K,
[8.829s]                  from [01m[K/home/golf1234_pc/manipurator_ws/src/mtc_config1/src/moveit_controller.cpp:2[m[K:
[8.829s] [01m[K/home/golf1234_pc/ws_moveit/install/moveit_core/include/moveit_core/moveit/robot_trajectory/robot_trajectory.hpp:59:7:[m[K [01;36m[Knote: [m[K  â€˜[01m[Krobot_trajectory::RobotTrajectory[m[Kâ€™
[8.829s]    59 | class [01;36m[KRobotTrajectory[m[K
[8.829s]       |       [01;36m[K^~~~~~~~~~~~~~~[m[K
[8.830s] In file included from [01m[K/home/golf1234_pc/ws_moveit/install/moveit_msgs/include/moveit_msgs/moveit_msgs/msg/robot_trajectory.hpp:7[m[K,
[8.830s]                  from [01m[K/home/golf1234_pc/ws_moveit/install/moveit_core/include/moveit_core/moveit/robot_trajectory/robot_trajectory.hpp:41[m[K:
[8.830s] [01m[K/home/golf1234_pc/ws_moveit/install/moveit_msgs/include/moveit_msgs/moveit_msgs/msg/detail/robot_trajectory__struct.hpp:138:7:[m[K [01;36m[Knote: [m[K  â€˜[01m[Kmoveit_msgs::msg::RobotTrajectory[m[Kâ€™
[8.830s]   138 | using [01;36m[KRobotTrajectory[m[K =
[8.830s]       |       [01;36m[K^~~~~~~~~~~~~~~[m[K
[8.830s] [01m[K/home/golf1234_pc/manipurator_ws/src/mtc_config1/src/moveit_controller.cpp:42:45:[m[K [01;31m[Kerror: [m[Ktemplate argument 1 is invalid
[8.830s]    42 |   std::vector<std::shared_ptr<moveit::core::[01;31m[KRobotTrajectory[m[K>> trajectories_;
[8.830s]       |                                             [01;31m[K^~~~~~~~~~~~~~~[m[K
[8.830s] [01m[K/home/golf1234_pc/manipurator_ws/src/mtc_config1/src/moveit_controller.cpp:42:60:[m[K [01;31m[Kerror: [m[Ktemplate argument 1 is invalid
[8.830s]    42 |   std::vector<std::shared_ptr<moveit::core::RobotTrajectory[01;31m[K>>[m[K trajectories_;
[8.830s]       |                                                            [01;31m[K^~[m[K
[8.830s] [01m[K/home/golf1234_pc/manipurator_ws/src/mtc_config1/src/moveit_controller.cpp:42:60:[m[K [01;31m[Kerror: [m[Ktemplate argument 2 is invalid
[8.830s] [01m[K/home/golf1234_pc/manipurator_ws/src/mtc_config1/src/moveit_controller.cpp:45:47:[m[K [01;31m[Kerror: [m[Kâ€˜[01m[KRobotTrajectory[m[Kâ€™ in namespace â€˜[01m[Kmoveit::core[m[Kâ€™ does not name a type
[8.830s]    45 |   void waitForRobotToStop(const moveit::core::[01;31m[KRobotTrajectory[m[K &trajectory)
[8.830s]       |                                               [01;31m[K^~~~~~~~~~~~~~~[m[K
[8.830s] [01m[K/home/golf1234_pc/manipurator_ws/src/mtc_config1/src/moveit_controller.cpp:[m[K In constructor â€˜[01m[KMoveItController::[01;32m[KMoveItController[m[K()[m[Kâ€™:
[8.830s] [01m[K/home/golf1234_pc/manipurator_ws/src/mtc_config1/src/moveit_controller.cpp:13:48:[m[K [01;31m[Kerror: [m[Kâ€˜[01m[Krclcpp::Logger::[01;32m[KLogger[m[K()[m[Kâ€™ is private within this context
[8.831s]    13 |   MoveItController() : Node("moveit_controller"[01;31m[K)[m[K
[8.831s]       |                                                [01;31m[K^[m[K
[8.831s] In file included from [01m[K/opt/ros/jazzy/include/rclcpp/rclcpp/copy_all_parameter_values.hpp:26[m[K,
[8.831s]                  from [01m[K/opt/ros/jazzy/include/rclcpp/rclcpp/rclcpp.hpp:171[m[K,
[8.831s]                  from [01m[K/home/golf1234_pc/manipurator_ws/src/mtc_config1/src/moveit_controller.cpp:1[m[K:
[8.831s] [01m[K/opt/ros/jazzy/include/rclcpp/rclcpp/logger.hpp:115:3:[m[K [01;36m[Knote: [m[Kdeclared private here
[8.831s]   115 |   [01;36m[KLogger[m[K()
[8.831s]       |   [01;36m[K^~~~~~[m[K
[8.831s] [01m[K/home/golf1234_pc/manipurator_ws/src/mtc_config1/src/moveit_controller.cpp:[m[K In member function â€˜[01m[Kvoid MoveItController::[01;32m[Kexecute_trajectory[m[K()[m[Kâ€™:
[8.831s] [01m[K/home/golf1234_pc/manipurator_ws/src/mtc_config1/src/moveit_controller.cpp:31:42:[m[K [01;31m[Kerror: [m[Kinvalid types â€˜[01m[Kint[size_t {aka long unsigned int}][m[Kâ€™ for array subscript
[8.831s]    31 |         waitForRobotToStop(*trajectories_[01;31m[K[[m[Ki - 1]);
[8.831s]       |                                          [01;31m[K^[m[K
[8.831s] [01m[K/home/golf1234_pc/manipurator_ws/src/mtc_config1/src/moveit_controller.cpp:[m[K In member function â€˜[01m[Kvoid MoveItController::[01;32m[KwaitForRobotToStop[m[K(const int&)[m[Kâ€™:
[8.831s] [01m[K/home/golf1234_pc/manipurator_ws/src/mtc_config1/src/moveit_controller.cpp:45:64:[m[K [01;35m[Kwarning: [m[Kunused parameter â€˜[01m[Ktrajectory[m[Kâ€™ [[01;35m[K]8;;https://gcc.gnu.org/onlinedocs/gcc/Warning-Options.html#index-Wunused-parameter-Wunused-parameter]8;;[m[K]
[8.832s]    45 |   void waitForRobotToStop([01;35m[Kconst moveit::core::RobotTrajectory &trajectory[m[K)
[8.832s]       |                           [01;35m[K~~~~~~~~~~~~~~~~~~~~~~~~~~~~~~~~~~~~~^~~~~~~~~~[m[K
[11.976s] gmake[2]: *** [CMakeFiles/moveit_controller.dir/build.make:76: CMakeFiles/moveit_controller.dir/src/moveit_controller.cpp.o] Error 1
[11.976s] gmake[1]: *** [CMakeFiles/Makefile2:221: CMakeFiles/moveit_controller.dir/all] Error 2
[11.977s] gmake: *** [Makefile:146: all] Error 2
[11.979s] Invoked command in '/home/golf1234_pc/manipurator_ws/build/mtc_config1' returned '2': CMAKE_PREFIX_PATH=${CMAKE_PREFIX_PATH}:/home/golf1234_pc/manipurator_ws/install/camera2_ros:/home/golf1234_pc/manipurator_ws/install/server_controllers:/home/golf1234_pc/manipurator_ws/install/mobile_manipurator:/home/golf1234_pc/install/moveit_configs_utils:/home/golf1234_pc/ws_moveit/install/moveit_configs_utils:/home/golf1234_pc/project1_ws/install/server_controllers:/home/golf1234_pc/project1_ws/install/mobile_manipurator:/home/golf1234_pc/project1_ws/install/camera2_ros:/home/golf1234_pc/test1_ws/install/test1:/opt/ros/jazzy DEBUGINFOD_URLS=https://debuginfod.ubuntu.com /usr/bin/cmake --build /home/golf1234_pc/manipurator_ws/build/mtc_config1 -- -j16 -l16
