[ 50%] Built target mtc_node
[ 75%] [32mBuilding CXX object CMakeFiles/mtc_node_test.dir/src/mtc_node_test.cpp.o[0m
[01m[K/home/golf1234_pc/manipurator_ws/src/mtc_config1/src/mtc_node_test.cpp:[m[K In member function â€˜[01m[Kmoveit::task_constructor::Task MTCTaskNode::[01;32m[KcreateTask[m[K()[m[Kâ€™:
[01m[K/home/golf1234_pc/manipurator_ws/src/mtc_config1/src/mtc_node_test.cpp:283:8:[m[K [01;31m[Kerror: [m[Kconflicting declaration â€˜[01m[Kauto stage_state_current[m[Kâ€™
  283 |   auto [01;31m[Kstage_state_current[m[K = std::make_unique<mtc::stages::CurrentState>("current1");
      |        [01;31m[K^~~~~~~~~~~~~~~~~~~[m[K
[01m[K/home/golf1234_pc/manipurator_ws/src/mtc_config1/src/mtc_node_test.cpp:140:8:[m[K [01;36m[Knote: [m[Kprevious declaration as â€˜[01m[Kstd::unique_ptr<moveit::task_constructor::stages::CurrentState, std::default_delete<moveit::task_constructor::stages::CurrentState> > stage_state_current[m[Kâ€™
  140 |   auto [01;36m[Kstage_state_current[m[K = std::make_unique<mtc::stages::CurrentState>("current");
      |        [01;36m[K^~~~~~~~~~~~~~~~~~~[m[K
gmake[2]: *** [CMakeFiles/mtc_node_test.dir/build.make:76: CMakeFiles/mtc_node_test.dir/src/mtc_node_test.cpp.o] Error 1
gmake[1]: *** [CMakeFiles/Makefile2:165: CMakeFiles/mtc_node_test.dir/all] Error 2
gmake: *** [Makefile:146: all] Error 2
