[ 57%] Built target mtc_pub
[ 57%] Built target start_mtc
[ 57%] Built target moveit_controller
[ 57%] Built target place_node
[ 64%] [32mBuilding CXX object CMakeFiles/mtc_node.dir/src/mtc_node.cpp.o[0m
[ 78%] Built target mtc_place
[ 85%] [32mBuilding CXX object CMakeFiles/mtc_node_test.dir/src/mtc_node_test.cpp.o[0m
[01m[K/home/golf1234_pc/manipurator_ws/src/mtc_config1/src/mtc_node.cpp:[m[K In member function â€˜[01m[Kvoid MTCTaskNode::[01;32m[KdoTask[m[K()[m[Kâ€™:
[01m[K/home/golf1234_pc/manipurator_ws/src/mtc_config1/src/mtc_node.cpp:77:11:[m[K [01;31m[Kerror: [m[Kâ€˜[01m[Kposition_received_[m[Kâ€™ was not declared in this scope
   77 |   while (![01;31m[Kposition_received_[m[K) {
      |           [01;31m[K^~~~~~~~~~~~~~~~~~[m[K
gmake[2]: *** [CMakeFiles/mtc_node.dir/build.make:76: CMakeFiles/mtc_node.dir/src/mtc_node.cpp.o] Error 1
gmake[1]: *** [CMakeFiles/Makefile2:149: CMakeFiles/mtc_node.dir/all] Error 2
gmake[1]: *** Waiting for unfinished jobs....
[ 92%] [32m[1mLinking CXX executable mtc_node_test[0m
[ 92%] Built target mtc_node_test
gmake: *** [Makefile:146: all] Error 2
