[0.025s] Invoking command in '/home/golf1234_pc/manipurator_ws/build/mtc_config1': CMAKE_PREFIX_PATH=${CMAKE_PREFIX_PATH}:/home/golf1234_pc/install/moveit_configs_utils:/home/golf1234_pc/manipurator_ws/install/server_controllers:/home/golf1234_pc/manipurator_ws/install/mobile_manipurator:/home/golf1234_pc/manipurator_ws/install/camera2_ros:/home/golf1234_pc/ws_moveit/install/moveit_configs_utils:/home/golf1234_pc/project1_ws/install/server_controllers:/home/golf1234_pc/project1_ws/install/mobile_manipurator:/home/golf1234_pc/project1_ws/install/camera2_ros:/home/golf1234_pc/test1_ws/install/test1:/opt/ros/jazzy DEBUGINFOD_URLS=https://debuginfod.ubuntu.com /usr/bin/cmake --build /home/golf1234_pc/manipurator_ws/build/mtc_config1 -- -j16 -l16
[0.141s] [ 57%] Built target mtc_pub
[0.141s] [ 57%] Built target start_mtc
[0.141s] [ 57%] Built target moveit_controller
[0.141s] [ 57%] Built target place_node
[0.145s] [ 64%] [32mBuilding CXX object CMakeFiles/mtc_node.dir/src/mtc_node.cpp.o[0m
[0.148s] [ 78%] Built target mtc_place
[0.164s] [ 85%] [32mBuilding CXX object CMakeFiles/mtc_node_test.dir/src/mtc_node_test.cpp.o[0m
[8.267s] [01m[K/home/golf1234_pc/manipurator_ws/src/mtc_config1/src/mtc_node.cpp:[m[K In member function â€˜[01m[Kvoid MTCTaskNode::[01;32m[KdoTask[m[K()[m[Kâ€™:
[8.267s] [01m[K/home/golf1234_pc/manipurator_ws/src/mtc_config1/src/mtc_node.cpp:77:11:[m[K [01;31m[Kerror: [m[Kâ€˜[01m[Kposition_received_[m[Kâ€™ was not declared in this scope
[8.267s]    77 |   while (![01;31m[Kposition_received_[m[K) {
[8.267s]       |           [01;31m[K^~~~~~~~~~~~~~~~~~[m[K
[14.540s] gmake[2]: *** [CMakeFiles/mtc_node.dir/build.make:76: CMakeFiles/mtc_node.dir/src/mtc_node.cpp.o] Error 1
[14.541s] gmake[1]: *** [CMakeFiles/Makefile2:149: CMakeFiles/mtc_node.dir/all] Error 2
[14.541s] gmake[1]: *** Waiting for unfinished jobs....
[19.987s] [ 92%] [32m[1mLinking CXX executable mtc_node_test[0m
[21.107s] [ 92%] Built target mtc_node_test
[21.109s] gmake: *** [Makefile:146: all] Error 2
[21.112s] Invoked command in '/home/golf1234_pc/manipurator_ws/build/mtc_config1' returned '2': CMAKE_PREFIX_PATH=${CMAKE_PREFIX_PATH}:/home/golf1234_pc/install/moveit_configs_utils:/home/golf1234_pc/manipurator_ws/install/server_controllers:/home/golf1234_pc/manipurator_ws/install/mobile_manipurator:/home/golf1234_pc/manipurator_ws/install/camera2_ros:/home/golf1234_pc/ws_moveit/install/moveit_configs_utils:/home/golf1234_pc/project1_ws/install/server_controllers:/home/golf1234_pc/project1_ws/install/mobile_manipurator:/home/golf1234_pc/project1_ws/install/camera2_ros:/home/golf1234_pc/test1_ws/install/test1:/opt/ros/jazzy DEBUGINFOD_URLS=https://debuginfod.ubuntu.com /usr/bin/cmake --build /home/golf1234_pc/manipurator_ws/build/mtc_config1 -- -j16 -l16
