[ 20%] Built target mtc_pub
[ 40%] Built target moveit_controller
[ 80%] Built target mtc_node_test
[ 80%] Built target mtc_node
[ 90%] [32mBuilding CXX object CMakeFiles/start_mtc.dir/src/start_mtc.cpp.o[0m
[01m[K/home/golf1234_pc/manipurator_ws/src/mtc_config1/src/start_mtc.cpp:[m[K In member function â€˜[01m[Kmoveit::task_constructor::Task MTCTaskNode::[01;32m[KcreateTask[m[K()[m[Kâ€™:
[01m[K/home/golf1234_pc/manipurator_ws/src/mtc_config1/src/start_mtc.cpp:104:5:[m[K [01;31m[Kerror: [m[Kâ€˜[01m[Kcurrent_state_ptr[m[Kâ€™ was not declared in this scope
  104 |     [01;31m[Kcurrent_state_ptr[m[K = stage_state_current.get();
      |     [01;31m[K^~~~~~~~~~~~~~~~~[m[K
gmake[2]: *** [CMakeFiles/start_mtc.dir/build.make:76: CMakeFiles/start_mtc.dir/src/start_mtc.cpp.o] Error 1
gmake[1]: *** [CMakeFiles/Makefile2:223: CMakeFiles/start_mtc.dir/all] Error 2
gmake: *** [Makefile:146: all] Error 2
