[0.724s] Invoking command in '/home/golf1234_pc/manipurator_ws/build/mtc_config1': CMAKE_PREFIX_PATH=${CMAKE_PREFIX_PATH}:/home/golf1234_pc/manipurator_ws/install/server_controllers:/home/golf1234_pc/manipurator_ws/install/mobile_manipurator:/home/golf1234_pc/manipurator_ws/install/camera2_ros:/home/golf1234_pc/install/moveit_configs_utils:/home/golf1234_pc/ws_moveit/install/moveit_configs_utils:/home/golf1234_pc/project1_ws/install/server_controllers:/home/golf1234_pc/project1_ws/install/mobile_manipurator:/home/golf1234_pc/project1_ws/install/camera2_ros:/home/golf1234_pc/test1_ws/install/test1:/opt/ros/jazzy DEBUGINFOD_URLS=https://debuginfod.ubuntu.com /usr/bin/cmake --build /home/golf1234_pc/manipurator_ws/build/mtc_config1 -- -j16 -l16
[0.831s] [ 20%] Built target mtc_pub
[0.835s] [ 40%] Built target moveit_controller
[0.846s] [ 60%] Built target mtc_node
[0.861s] [ 70%] [32mBuilding CXX object CMakeFiles/start_mtc.dir/src/start_mtc.cpp.o[0m
[0.861s] [ 80%] [32mBuilding CXX object CMakeFiles/mtc_node_test.dir/src/mtc_node_test.cpp.o[0m
[10.531s] [01m[K/home/golf1234_pc/manipurator_ws/src/mtc_config1/src/start_mtc.cpp:[m[K In member function ‚Äò[01m[Kmoveit::task_constructor::Task MTCTaskNode::[01;32m[KcreateTask[m[K()[m[K‚Äô:
[10.531s] [01m[K/home/golf1234_pc/manipurator_ws/src/mtc_config1/src/start_mtc.cpp:105:26:[m[K [01;31m[Kerror: [m[K‚Äò[01m[Kclass moveit::task_constructor::stages::CurrentState[m[K‚Äô has no member named ‚Äò[01m[KsetGoal[m[K‚Äô
[10.531s]   105 |     stage_state_current->[01;31m[KsetGoal[m[K("ready");  // ‡∏ï‡∏±‡πâ‡∏á‡∏Ñ‡πà‡∏≤‡∏ï‡∏≥‡πÅ‡∏´‡∏ô‡πà‡∏á‡πÄ‡∏£‡∏¥‡πà‡∏°‡∏ï‡πâ‡∏ô‡∏ó‡∏µ‡πà‡∏Å‡∏≥‡∏´‡∏ô‡∏î
[10.531s]       |                          [01;31m[K^~~~~~~[m[K
[10.543s] [01m[K/home/golf1234_pc/manipurator_ws/src/mtc_config1/src/start_mtc.cpp:101:17:[m[K [01;35m[Kwarning: [m[Kunused variable ‚Äò[01m[Kcurrent_state_ptr[m[K‚Äô [[01;35m[K]8;;https://gcc.gnu.org/onlinedocs/gcc/Warning-Options.html#index-Wunused-variable-Wunused-variable]8;;[m[K]
[10.544s]   101 |     mtc::Stage* [01;35m[Kcurrent_state_ptr[m[K = nullptr;  // Forward current_state on to grasp pose generator
[10.544s]       |                 [01;35m[K^~~~~~~~~~~~~~~~~[m[K
[16.593s] gmake[2]: *** [CMakeFiles/start_mtc.dir/build.make:76: CMakeFiles/start_mtc.dir/src/start_mtc.cpp.o] Error 1
[16.593s] gmake[1]: *** [CMakeFiles/Makefile2:223: CMakeFiles/start_mtc.dir/all] Error 2
[16.593s] gmake[1]: *** Waiting for unfinished jobs....
[23.106s] [ 90%] [32m[1mLinking CXX executable mtc_node_test[0m
[24.392s] [ 90%] Built target mtc_node_test
[24.393s] gmake: *** [Makefile:146: all] Error 2
[24.396s] Invoked command in '/home/golf1234_pc/manipurator_ws/build/mtc_config1' returned '2': CMAKE_PREFIX_PATH=${CMAKE_PREFIX_PATH}:/home/golf1234_pc/manipurator_ws/install/server_controllers:/home/golf1234_pc/manipurator_ws/install/mobile_manipurator:/home/golf1234_pc/manipurator_ws/install/camera2_ros:/home/golf1234_pc/install/moveit_configs_utils:/home/golf1234_pc/ws_moveit/install/moveit_configs_utils:/home/golf1234_pc/project1_ws/install/server_controllers:/home/golf1234_pc/project1_ws/install/mobile_manipurator:/home/golf1234_pc/project1_ws/install/camera2_ros:/home/golf1234_pc/test1_ws/install/test1:/opt/ros/jazzy DEBUGINFOD_URLS=https://debuginfod.ubuntu.com /usr/bin/cmake --build /home/golf1234_pc/manipurator_ws/build/mtc_config1 -- -j16 -l16
