In file included from [01m[K/opt/ros/jazzy/include/rclcpp/rclcpp/copy_all_parameter_values.hpp:27[m[K,
                 from [01m[K/opt/ros/jazzy/include/rclcpp/rclcpp/rclcpp.hpp:171[m[K,
                 from [01m[K/home/golf1234_pc/manipurator_ws/src/mtc_config1/src/mtc_node_test.cpp:1[m[K:
[01m[K/home/golf1234_pc/manipurator_ws/src/mtc_config1/src/mtc_node_test.cpp:[m[K In member function â€˜[01m[Kvoid MTCTaskNode::[01;32m[KpositionCallback[m[K(geometry_msgs::msg::Pose_<std::allocator<void> >::SharedPtr)[m[Kâ€™:
[01m[K/home/golf1234_pc/manipurator_ws/src/mtc_config1/src/mtc_node_test.cpp:42:23:[m[K [01;31m[Kerror: [m[Kâ€˜[01m[Kclass MTCTaskNode[m[Kâ€™ has no member named â€˜[01m[Kget_logger[m[Kâ€™
   42 |     RCLCPP_INFO(this->[01;31m[Kget_logger[m[K(), "Updated Position: [%f, %f, %f]", msg->position.x, msg->position.y, msg->position.z);
      |                       [01;31m[K^~~~~~~~~~[m[K
[01m[K/home/golf1234_pc/manipurator_ws/src/mtc_config1/src/mtc_node_test.cpp:42:23:[m[K [01;31m[Kerror: [m[Kâ€˜[01m[Kclass MTCTaskNode[m[Kâ€™ has no member named â€˜[01m[Kget_logger[m[Kâ€™
[01m[K/home/golf1234_pc/manipurator_ws/src/mtc_config1/src/mtc_node_test.cpp:42:5:[m[K [01;31m[Kerror: [m[Ktemplate argument 1 is invalid
   42 |     [01;31m[KRCLCPP_INFO[m[K(this->get_logger(), "Updated Position: [%f, %f, %f]", msg->position.x, msg->position.y, msg->position.z);
      |     [01;31m[K^~~~~~~~~~~[m[K
[01m[K/home/golf1234_pc/manipurator_ws/src/mtc_config1/src/mtc_node_test.cpp:42:5:[m[K [01;31m[Kerror: [m[Ktemplate argument 1 is invalid
   42 |     [01;31m[KRCLCPP_INFO[m[K(this->get_logger(), "Updated Position: [%f, %f, %f]", msg->position.x, msg->position.y, msg->position.z);
      |     [01;31m[K^~~~~~~~~~~[m[K
[01m[K/home/golf1234_pc/manipurator_ws/src/mtc_config1/src/mtc_node_test.cpp:42:5:[m[K [01;31m[Kerror: [m[Ktemplate argument 1 is invalid
   42 |     [01;31m[KRCLCPP_INFO[m[K(this->get_logger(), "Updated Position: [%f, %f, %f]", msg->position.x, msg->position.y, msg->position.z);
      |     [01;31m[K^~~~~~~~~~~[m[K
In file included from [01m[K/opt/ros/jazzy/include/rclcpp/rclcpp/logging.hpp:24[m[K:
[01m[K/home/golf1234_pc/manipurator_ws/src/mtc_config1/src/mtc_node_test.cpp:42:23:[m[K [01;31m[Kerror: [m[Kâ€˜[01m[Kclass MTCTaskNode[m[Kâ€™ has no member named â€˜[01m[Kget_logger[m[Kâ€™
   42 |     RCLCPP_INFO(this->[01;31m[Kget_logger[m[K(), "Updated Position: [%f, %f, %f]", msg->position.x, msg->position.y, msg->position.z);
      |                       [01;31m[K^~~~~~~~~~[m[K
[01m[K/home/golf1234_pc/manipurator_ws/src/mtc_config1/src/mtc_node_test.cpp:42:23:[m[K [01;31m[Kerror: [m[Kâ€˜[01m[Kclass MTCTaskNode[m[Kâ€™ has no member named â€˜[01m[Kget_logger[m[Kâ€™
   42 |     RCLCPP_INFO(this->[01;31m[Kget_logger[m[K(), "Updated Position: [%f, %f, %f]", msg->position.x, msg->position.y, msg->position.z);
      |                       [01;31m[K^~~~~~~~~~[m[K
[01m[K/home/golf1234_pc/manipurator_ws/src/mtc_config1/src/mtc_node_test.cpp:[m[K At global scope:
[01m[K/home/golf1234_pc/manipurator_ws/src/mtc_config1/src/mtc_node_test.cpp:70:6:[m[K [01;31m[Kerror: [m[Kredefinition of â€˜[01m[Kvoid MTCTaskNode::[01;32m[KpositionCallback[m[K(geometry_msgs::msg::Pose_<std::allocator<void> >::SharedPtr)[m[Kâ€™
   70 | void [01;31m[KMTCTaskNode[m[K::positionCallback(const geometry_msgs::msg::Pose::SharedPtr msg)
      |      [01;31m[K^~~~~~~~~~~[m[K
[01m[K/home/golf1234_pc/manipurator_ws/src/mtc_config1/src/mtc_node_test.cpp:40:8:[m[K [01;36m[Knote: [m[Kâ€˜[01m[Kvoid MTCTaskNode::[01;32m[KpositionCallback[m[K(geometry_msgs::msg::Pose_<std::allocator<void> >::SharedPtr)[m[Kâ€™ previously defined here
   40 |   void [01;36m[KpositionCallback[m[K(const geometry_msgs::msg::Pose::SharedPtr msg){
      |        [01;36m[K^~~~~~~~~~~~~~~~[m[K
gmake[2]: *** [CMakeFiles/mtc_node_test.dir/build.make:76: CMakeFiles/mtc_node_test.dir/src/mtc_node_test.cpp.o] Error 1
gmake[1]: *** [CMakeFiles/Makefile2:167: CMakeFiles/mtc_node_test.dir/all] Error 2
gmake: *** [Makefile:146: all] Error 2
