[0.021s] Invoking command in '/home/golf1234_pc/manipurator_ws/build/mtc_config1': CMAKE_PREFIX_PATH=${CMAKE_PREFIX_PATH}:/home/golf1234_pc/manipurator_ws/install/server_controllers:/home/golf1234_pc/manipurator_ws/install/mobile_manipurator:/home/golf1234_pc/manipurator_ws/install/camera2_ros:/home/golf1234_pc/install/moveit_configs_utils:/home/golf1234_pc/ws_moveit/install/moveit_configs_utils:/home/golf1234_pc/project1_ws/install/server_controllers:/home/golf1234_pc/project1_ws/install/mobile_manipurator:/home/golf1234_pc/project1_ws/install/camera2_ros:/home/golf1234_pc/test1_ws/install/test1:/opt/ros/jazzy DEBUGINFOD_URLS=https://debuginfod.ubuntu.com /usr/bin/cmake --build /home/golf1234_pc/manipurator_ws/build/mtc_config1 -- -j16 -l16
[0.055s] -- Found ament_cmake: 2.5.3 (/opt/ros/jazzy/share/ament_cmake/cmake)
[0.254s] -- Override CMake install command with custom implementation using symlinks instead of copying resources
[0.260s] -- Found moveit_task_constructor_core: 0.1.3 (/home/golf1234_pc/ws_moveit/install/moveit_task_constructor_core/share/moveit_task_constructor_core/cmake)
[0.382s] -- Found rosidl_generator_c: 4.6.5 (/opt/ros/jazzy/share/rosidl_generator_c/cmake)
[0.390s] -- Found rosidl_generator_cpp: 4.6.5 (/opt/ros/jazzy/share/rosidl_generator_cpp/cmake)
[0.404s] -- Using all available rosidl_typesupport_c: rosidl_typesupport_fastrtps_c;rosidl_typesupport_introspection_c
[0.420s] -- Using all available rosidl_typesupport_cpp: rosidl_typesupport_fastrtps_cpp;rosidl_typesupport_introspection_cpp
[0.474s] -- Found Boost: /usr/lib/x86_64-linux-gnu/cmake/Boost-1.83.0/BoostConfig.cmake (found version "1.83.0") found components: chrono date_time filesystem iostreams program_options regex serialization system thread 
[1.180s] -- Found parameter_traits: 0.4.0 (/opt/ros/jazzy/share/parameter_traits/cmake)
[1.225s] -- Found rmw_implementation_cmake: 7.3.1 (/opt/ros/jazzy/share/rmw_implementation_cmake/cmake)
[1.231s] -- Found rmw_fastrtps_cpp: 8.4.1 (/opt/ros/jazzy/share/rmw_fastrtps_cpp/cmake)
[1.425s] -- Using RMW implementation 'rmw_fastrtps_cpp' as default
[1.583s] -- Found rclcpp_lifecycle: 28.1.6 (/opt/ros/jazzy/share/rclcpp_lifecycle/cmake)
[1.610s] -- Found Boost: /usr/lib/x86_64-linux-gnu/cmake/Boost-1.83.0/BoostConfig.cmake (found version "1.83.0") found components: filesystem 
[1.684s] -- Ensuring Eigen3 include directory is part of orocos-kdl CMake target
[1.947s] -- Found Boost: /usr/lib/x86_64-linux-gnu/cmake/Boost-1.83.0/BoostConfig.cmake (found version "1.83.0") found components: system filesystem date_time program_options thread chrono 
[1.990s] -- Found Boost: /usr/lib/x86_64-linux-gnu/cmake/Boost-1.83.0/BoostConfig.cmake (found version "1.83.0") found components: date_time filesystem program_options system thread 
[2.004s] -- Found Boost: /usr/lib/x86_64-linux-gnu/cmake/Boost-1.83.0/BoostConfig.cmake (found version "1.83.0") found components: thread system filesystem regex date_time program_options 
[2.026s] -- Found Boost: /usr/lib/x86_64-linux-gnu/cmake/Boost-1.83.0/BoostConfig.cmake (found version "1.83.0") found components: system filesystem date_time program_options thread 
[2.159s] -- Found ament_lint_auto: 0.17.1 (/opt/ros/jazzy/share/ament_lint_auto/cmake)
[2.240s] -- Added test 'cppcheck' to perform static code analysis on C / C++ code
[2.240s] -- Configured cppcheck include dirs: $<BUILD_INTERFACE:/home/golf1234_pc/manipurator_ws/src/mtc_config1/include>
[2.240s] -- Configured cppcheck exclude dirs and/or files: 
[2.240s] -- Added test 'flake8' to check Python code syntax and style conventions
[2.241s] -- Configured 'flake8' exclude dirs and/or files: 
[2.241s] -- Added test 'lint_cmake' to check CMake code style
[2.241s] -- Added test 'pep257' to check Python code against some of the docstring style conventions in PEP 257
[2.242s] -- Added test 'uncrustify' to check C / C++ code style
[2.242s] -- Configured uncrustify additional arguments: 
[2.243s] -- Added test 'xmllint' to check XML markup files
[2.243s] -- Configuring done (2.2s)
[2.337s] -- Generating done (0.1s)
[2.352s] -- Build files have been written to: /home/golf1234_pc/manipurator_ws/build/mtc_config1
[2.407s] [ 10%] [32mBuilding CXX object CMakeFiles/start_mtc.dir/src/start_mtc.cpp.o[0m
[2.418s] [ 50%] Built target moveit_controller
[2.418s] [ 50%] Built target mtc_pub
[2.430s] [ 90%] Built target mtc_node_test
[2.430s] [ 90%] Built target mtc_node
[7.470s] [01m[K/home/golf1234_pc/manipurator_ws/src/mtc_config1/src/start_mtc.cpp:[m[K In member function â€˜[01m[Kmoveit::task_constructor::Task MTCTaskNode::[01;32m[KcreateTask[m[K()[m[Kâ€™:
[7.470s] [01m[K/home/golf1234_pc/manipurator_ws/src/mtc_config1/src/start_mtc.cpp:118:24:[m[K [01;31m[Kerror: [m[Kâ€˜[01m[Kstage_open_hand[m[Kâ€™ was not declared in this scope
[7.470s]   118 |     task.add(std::move([01;31m[Kstage_open_hand[m[K));
[7.470s]       |                        [01;31m[K^~~~~~~~~~~~~~~[m[K
[7.476s] [01m[K/home/golf1234_pc/manipurator_ws/src/mtc_config1/src/start_mtc.cpp:126:24:[m[K [01;31m[Kerror: [m[Kâ€˜[01m[Kgrasp[m[Kâ€™ was not declared in this scope
[7.476s]   126 |     task.add(std::move([01;31m[Kgrasp[m[K));
[7.477s]       |                        [01;31m[K^~~~~[m[K
[7.477s] [01m[K/home/golf1234_pc/manipurator_ws/src/mtc_config1/src/start_mtc.cpp:101:17:[m[K [01;35m[Kwarning: [m[Kunused variable â€˜[01m[Kcurrent_state_ptr[m[Kâ€™ [[01;35m[K]8;;https://gcc.gnu.org/onlinedocs/gcc/Warning-Options.html#index-Wunused-variable-Wunused-variable]8;;[m[K]
[7.477s]   101 |     mtc::Stage* [01;35m[Kcurrent_state_ptr[m[K = nullptr;  // Forward current_state on to grasp pose generator
[7.477s]       |                 [01;35m[K^~~~~~~~~~~~~~~~~[m[K
[10.955s] gmake[2]: *** [CMakeFiles/start_mtc.dir/build.make:76: CMakeFiles/start_mtc.dir/src/start_mtc.cpp.o] Error 1
[10.956s] gmake[1]: *** [CMakeFiles/Makefile2:223: CMakeFiles/start_mtc.dir/all] Error 2
[10.956s] gmake: *** [Makefile:146: all] Error 2
[10.958s] Invoked command in '/home/golf1234_pc/manipurator_ws/build/mtc_config1' returned '2': CMAKE_PREFIX_PATH=${CMAKE_PREFIX_PATH}:/home/golf1234_pc/manipurator_ws/install/server_controllers:/home/golf1234_pc/manipurator_ws/install/mobile_manipurator:/home/golf1234_pc/manipurator_ws/install/camera2_ros:/home/golf1234_pc/install/moveit_configs_utils:/home/golf1234_pc/ws_moveit/install/moveit_configs_utils:/home/golf1234_pc/project1_ws/install/server_controllers:/home/golf1234_pc/project1_ws/install/mobile_manipurator:/home/golf1234_pc/project1_ws/install/camera2_ros:/home/golf1234_pc/test1_ws/install/test1:/opt/ros/jazzy DEBUGINFOD_URLS=https://debuginfod.ubuntu.com /usr/bin/cmake --build /home/golf1234_pc/manipurator_ws/build/mtc_config1 -- -j16 -l16
