[0.019s] Invoking command in '/home/golf1234_pc/manipurator_ws/build/mtc_config1': CMAKE_PREFIX_PATH=${CMAKE_PREFIX_PATH}:/home/golf1234_pc/ws_moveit/install/moveit_configs_utils:/home/golf1234_pc/project1_ws/install/server_controllers:/home/golf1234_pc/project1_ws/install/mobile_manipurator:/home/golf1234_pc/project1_ws/install/camera2_ros:/home/golf1234_pc/test1_ws/install/test1:/opt/ros/jazzy DEBUGINFOD_URLS=https://debuginfod.ubuntu.com /usr/bin/cmake --build /home/golf1234_pc/manipurator_ws/build/mtc_config1 -- -j16 -l16
[0.109s] [ 66%] Built target mtc_node
[0.109s] [ 66%] Built target mtc_pub
[0.121s] [ 83%] [32mBuilding CXX object CMakeFiles/mtc_node_test.dir/src/mtc_node_test.cpp.o[0m
[5.718s] In file included from [01m[K/opt/ros/jazzy/include/rclcpp/rclcpp/copy_all_parameter_values.hpp:27[m[K,
[5.718s]                  from [01m[K/opt/ros/jazzy/include/rclcpp/rclcpp/rclcpp.hpp:171[m[K,
[5.719s]                  from [01m[K/home/golf1234_pc/manipurator_ws/src/mtc_config1/src/mtc_node_test.cpp:1[m[K:
[5.719s] [01m[K/home/golf1234_pc/manipurator_ws/src/mtc_config1/src/mtc_node_test.cpp:[m[K In member function â€˜[01m[Kvoid MTCTaskNode::[01;32m[KpositionCallback[m[K(geometry_msgs::msg::Pose_<std::allocator<void> >::SharedPtr)[m[Kâ€™:
[5.719s] [01m[K/home/golf1234_pc/manipurator_ws/src/mtc_config1/src/mtc_node_test.cpp:69:21:[m[K [01;31m[Kerror: [m[Kâ€˜[01m[Kclass MTCTaskNode[m[Kâ€™ has no member named â€˜[01m[Kget_logger[m[Kâ€™
[5.719s]    69 |   RCLCPP_INFO(this->[01;31m[Kget_logger[m[K(), "Updated Position: [%f, %f, %f]", msg->position.x, msg->position.y, msg->position.z);
[5.719s]       |                     [01;31m[K^~~~~~~~~~[m[K
[5.719s] [01m[K/home/golf1234_pc/manipurator_ws/src/mtc_config1/src/mtc_node_test.cpp:69:21:[m[K [01;31m[Kerror: [m[Kâ€˜[01m[Kclass MTCTaskNode[m[Kâ€™ has no member named â€˜[01m[Kget_logger[m[Kâ€™
[5.719s] [01m[K/home/golf1234_pc/manipurator_ws/src/mtc_config1/src/mtc_node_test.cpp:69:3:[m[K [01;31m[Kerror: [m[Ktemplate argument 1 is invalid
[5.719s]    69 |   [01;31m[KRCLCPP_INFO[m[K(this->get_logger(), "Updated Position: [%f, %f, %f]", msg->position.x, msg->position.y, msg->position.z);
[5.719s]       |   [01;31m[K^~~~~~~~~~~[m[K
[5.719s] [01m[K/home/golf1234_pc/manipurator_ws/src/mtc_config1/src/mtc_node_test.cpp:69:3:[m[K [01;31m[Kerror: [m[Ktemplate argument 1 is invalid
[5.719s]    69 |   [01;31m[KRCLCPP_INFO[m[K(this->get_logger(), "Updated Position: [%f, %f, %f]", msg->position.x, msg->position.y, msg->position.z);
[5.719s]       |   [01;31m[K^~~~~~~~~~~[m[K
[5.719s] [01m[K/home/golf1234_pc/manipurator_ws/src/mtc_config1/src/mtc_node_test.cpp:69:3:[m[K [01;31m[Kerror: [m[Ktemplate argument 1 is invalid
[5.719s]    69 |   [01;31m[KRCLCPP_INFO[m[K(this->get_logger(), "Updated Position: [%f, %f, %f]", msg->position.x, msg->position.y, msg->position.z);
[5.720s]       |   [01;31m[K^~~~~~~~~~~[m[K
[5.720s] In file included from [01m[K/opt/ros/jazzy/include/rclcpp/rclcpp/logging.hpp:24[m[K:
[5.720s] [01m[K/home/golf1234_pc/manipurator_ws/src/mtc_config1/src/mtc_node_test.cpp:69:21:[m[K [01;31m[Kerror: [m[Kâ€˜[01m[Kclass MTCTaskNode[m[Kâ€™ has no member named â€˜[01m[Kget_logger[m[Kâ€™
[5.720s]    69 |   RCLCPP_INFO(this->[01;31m[Kget_logger[m[K(), "Updated Position: [%f, %f, %f]", msg->position.x, msg->position.y, msg->position.z);
[5.720s]       |                     [01;31m[K^~~~~~~~~~[m[K
[5.720s] [01m[K/home/golf1234_pc/manipurator_ws/src/mtc_config1/src/mtc_node_test.cpp:69:21:[m[K [01;31m[Kerror: [m[Kâ€˜[01m[Kclass MTCTaskNode[m[Kâ€™ has no member named â€˜[01m[Kget_logger[m[Kâ€™
[5.720s]    69 |   RCLCPP_INFO(this->[01;31m[Kget_logger[m[K(), "Updated Position: [%f, %f, %f]", msg->position.x, msg->position.y, msg->position.z);
[5.720s]       |                     [01;31m[K^~~~~~~~~~[m[K
[11.065s] gmake[2]: *** [CMakeFiles/mtc_node_test.dir/build.make:76: CMakeFiles/mtc_node_test.dir/src/mtc_node_test.cpp.o] Error 1
[11.065s] gmake[1]: *** [CMakeFiles/Makefile2:167: CMakeFiles/mtc_node_test.dir/all] Error 2
[11.065s] gmake: *** [Makefile:146: all] Error 2
[11.069s] Invoked command in '/home/golf1234_pc/manipurator_ws/build/mtc_config1' returned '2': CMAKE_PREFIX_PATH=${CMAKE_PREFIX_PATH}:/home/golf1234_pc/ws_moveit/install/moveit_configs_utils:/home/golf1234_pc/project1_ws/install/server_controllers:/home/golf1234_pc/project1_ws/install/mobile_manipurator:/home/golf1234_pc/project1_ws/install/camera2_ros:/home/golf1234_pc/test1_ws/install/test1:/opt/ros/jazzy DEBUGINFOD_URLS=https://debuginfod.ubuntu.com /usr/bin/cmake --build /home/golf1234_pc/manipurator_ws/build/mtc_config1 -- -j16 -l16
